src/app/(dashboard)/dashboard/sites/[siteId]/editor/page.tsx(62,7): error TS2322: Type '{ id: string; site_id: string; name: string; slug: string; is_homepage: boolean | null; seo_title: string | null; seo_description: string | null; seo_image: string | null; sort_order: number | null; created_at: string | null; updated_at: string | null; content: Record<...> | null; site?: { ...; } | undefined; }' is not assignable to type 'PageWithContent'.
  Types of property 'is_homepage' are incompatible.
    Type 'boolean | null' is not assignable to type 'boolean'.
      Type 'null' is not assignable to type 'boolean'.
src/app/(dashboard)/settings/team/page.tsx(40,28): error TS2719: Type 'TeamMember[]' is not assignable to type 'TeamMember[]'. Two different types with this name exist, but they are unrelated.
  Type 'TeamMember' is not assignable to type 'TeamMember'. Two different types with this name exist, but they are unrelated.
    Types of property 'joined_at' are incompatible.
      Type 'string | null' is not assignable to type 'string'.
        Type 'null' is not assignable to type 'string'.
src/components/admin/agencies-table.tsx(167,40): error TS2769: No overload matches this call.
  Overload 1 of 4, '(value: string | number | Date): Date', gave the following error.
    Argument of type 'string | null' is not assignable to parameter of type 'string | number | Date'.
      Type 'null' is not assignable to type 'string | number | Date'.
  Overload 2 of 4, '(value: string | number): Date', gave the following error.
    Argument of type 'string | null' is not assignable to parameter of type 'string | number'.
      Type 'null' is not assignable to type 'string | number'.
src/components/dashboard/recent-sites.tsx(104,49): error TS2769: No overload matches this call.
  Overload 1 of 4, '(value: string | number | Date): Date', gave the following error.
    Argument of type 'string | null' is not assignable to parameter of type 'string | number | Date'.
      Type 'null' is not assignable to type 'string | number | Date'.
  Overload 2 of 4, '(value: string | number): Date', gave the following error.
    Argument of type 'string | null' is not assignable to parameter of type 'string | number'.
      Type 'null' is not assignable to type 'string | number'.
src/lib/actions/dashboard.ts(119,7): error TS2322: Type 'string | null' is not assignable to type 'string'.
  Type 'null' is not assignable to type 'string'.
src/lib/admin/admin-service.ts(82,9): error TS2322: Type '{ id: string; email: string; fullName: string | null; role: string; createdAt: string | null; lastSignIn: null; agencyId: string | null; agencyName: string | null; }[]' is not assignable to type 'AdminUser[]'.
  Type '{ id: string; email: string; fullName: string | null; role: string; createdAt: string | null; lastSignIn: null; agencyId: string | null; agencyName: string | null; }' is not assignable to type 'AdminUser'.
    Types of property 'createdAt' are incompatible.
      Type 'string | null' is not assignable to type 'string'.
        Type 'null' is not assignable to type 'string'.
src/lib/admin/admin-service.ts(168,9): error TS2322: Type '{ id: string; name: string; ownerEmail: string; ownerName: string | null; status: string; plan: string; sitesCount: number; clientsCount: number; createdAt: string | null; }[]' is not assignable to type 'AdminAgency[]'.
  Type '{ id: string; name: string; ownerEmail: string; ownerName: string | null; status: string; plan: string; sitesCount: number; clientsCount: number; createdAt: string | null; }' is not assignable to type 'AdminAgency'.
    Types of property 'createdAt' are incompatible.
      Type 'string | null' is not assignable to type 'string'.
        Type 'null' is not assignable to type 'string'.
src/lib/admin/audit-service.ts(131,7): error TS2322: Type 'string | null' is not assignable to type 'string'.
  Type 'null' is not assignable to type 'string'.
src/lib/admin/audit-service.ts(146,7): error TS2322: Type 'string | null' is not assignable to type 'string'.
  Type 'null' is not assignable to type 'string'.
src/lib/admin/audit-service.ts(162,7): error TS2322: Type 'string | null' is not assignable to type 'string'.
  Type 'null' is not assignable to type 'string'.
src/lib/admin/stats-service.ts(81,19): error TS2769: No overload matches this call.
  Overload 1 of 2, '(relation: "agencies" | "profiles" | "modules_v2" | "agency_module_subscriptions" | "media_folders" | "sites" | "blog_categories" | "blog_posts" | "clients" | "subscriptions" | "assets" | ... 29 more ... | "ticket_messages"): PostgrestQueryBuilder<...>', gave the following error.
    Argument of type '"site_modules"' is not assignable to parameter of type '"agencies" | "profiles" | "modules_v2" | "agency_module_subscriptions" | "media_folders" | "sites" | "blog_categories" | "blog_posts" | "clients" | "subscriptions" | "assets" | ... 29 more ... | "ticket_messages"'.
  Overload 2 of 2, '(relation: never): PostgrestQueryBuilder<{ PostgrestVersion: "14.1"; }, { Tables: { activity_log: { Row: { action: string; agency_id: string; created_at: string | null; details: Json; id: string; ip_address: string | null; resource_id: string | null; resource_name: string | null; resource_type: string; user_id: string; }; Insert: { ...; }; Update: { ...; }; Relationships: [...]; }; ... 39 more ...; ticket_messages: { ...; }; }; Views: {}; Functions: { ...; }; Enums: {}; CompositeTypes: {}; }, never, never, never>', gave the following error.
    Argument of type '"site_modules"' is not assignable to parameter of type 'never'.
src/lib/admin/stats-service.ts(88,11): error TS2769: No overload matches this call.
  Overload 1 of 2, '(relation: "agencies" | "profiles" | "modules_v2" | "agency_module_subscriptions" | "media_folders" | "sites" | "blog_categories" | "blog_posts" | "clients" | "subscriptions" | "assets" | ... 29 more ... | "ticket_messages"): PostgrestQueryBuilder<...>', gave the following error.
    Argument of type '"site_modules"' is not assignable to parameter of type '"agencies" | "profiles" | "modules_v2" | "agency_module_subscriptions" | "media_folders" | "sites" | "blog_categories" | "blog_posts" | "clients" | "subscriptions" | "assets" | ... 29 more ... | "ticket_messages"'.
  Overload 2 of 2, '(relation: never): PostgrestQueryBuilder<{ PostgrestVersion: "14.1"; }, { Tables: { activity_log: { Row: { action: string; agency_id: string; created_at: string | null; details: Json; id: string; ip_address: string | null; resource_id: string | null; resource_name: string | null; resource_type: string; user_id: string; }; Insert: { ...; }; Update: { ...; }; Relationships: [...]; }; ... 39 more ...; ticket_messages: { ...; }; }; Views: {}; Functions: { ...; }; Enums: {}; CompositeTypes: {}; }, never, never, never>', gave the following error.
    Argument of type '"site_modules"' is not assignable to parameter of type 'never'.
src/lib/admin/stats-service.ts(94,11): error TS2339: Property 'module_id' does not exist on type 'SelectQueryError<"column 'module_id' does not exist on 'agencies'."> | SelectQueryError<"column 'module_id' does not exist on 'profiles'."> | ... 38 more ... | SelectQueryError<...>'.
  Property 'module_id' does not exist on type 'SelectQueryError<"column 'module_id' does not exist on 'agencies'.">'.
src/lib/admin/stats-service.ts(95,28): error TS2339: Property 'module_id' does not exist on type 'SelectQueryError<"column 'module_id' does not exist on 'agencies'."> | SelectQueryError<"column 'module_id' does not exist on 'profiles'."> | ... 38 more ... | SelectQueryError<...>'.
  Property 'module_id' does not exist on type 'SelectQueryError<"column 'module_id' does not exist on 'agencies'.">'.
src/lib/admin/stats-service.ts(95,61): error TS2339: Property 'module_id' does not exist on type 'SelectQueryError<"column 'module_id' does not exist on 'agencies'."> | SelectQueryError<"column 'module_id' does not exist on 'profiles'."> | ... 38 more ... | SelectQueryError<...>'.
  Property 'module_id' does not exist on type 'SelectQueryError<"column 'module_id' does not exist on 'agencies'.">'.
src/lib/admin/stats-service.ts(195,7): error TS2322: Type 'string | null' is not assignable to type 'string'.
  Type 'null' is not assignable to type 'string'.
src/lib/admin/stats-service.ts(205,7): error TS2322: Type 'string | null' is not assignable to type 'string'.
  Type 'null' is not assignable to type 'string'.
src/lib/admin/stats-service.ts(215,7): error TS2322: Type 'string | null' is not assignable to type 'string'.
  Type 'null' is not assignable to type 'string'.
src/lib/forms/submission-service.ts(224,11): error TS2769: No overload matches this call.
  Overload 1 of 2, '(relation: "agencies" | "profiles" | "modules_v2" | "agency_module_subscriptions" | "media_folders" | "sites" | "blog_categories" | "blog_posts" | "clients" | "subscriptions" | "assets" | ... 29 more ... | "ticket_messages"): PostgrestQueryBuilder<...>', gave the following error.
    Argument of type '"form_submissions"' is not assignable to parameter of type '"agencies" | "profiles" | "modules_v2" | "agency_module_subscriptions" | "media_folders" | "sites" | "blog_categories" | "blog_posts" | "clients" | "subscriptions" | "assets" | ... 29 more ... | "ticket_messages"'.
  Overload 2 of 2, '(relation: never): PostgrestQueryBuilder<{ PostgrestVersion: "14.1"; }, { Tables: { activity_log: { Row: { action: string; agency_id: string; created_at: string | null; details: Json; id: string; ip_address: string | null; resource_id: string | null; resource_name: string | null; resource_type: string; user_id: string; }; Insert: { ...; }; Update: { ...; }; Relationships: [...]; }; ... 39 more ...; ticket_messages: { ...; }; }; Views: {}; Functions: { ...; }; Enums: {}; CompositeTypes: {}; }, never, never, never>', gave the following error.
    Argument of type '"form_submissions"' is not assignable to parameter of type 'never'.
src/lib/forms/submission-service.ts(267,11): error TS2769: No overload matches this call.
  Overload 1 of 2, '(relation: "agencies" | "profiles" | "modules_v2" | "agency_module_subscriptions" | "media_folders" | "sites" | "blog_categories" | "blog_posts" | "clients" | "subscriptions" | "assets" | ... 29 more ... | "ticket_messages"): PostgrestQueryBuilder<...>', gave the following error.
    Argument of type '"form_submissions"' is not assignable to parameter of type '"agencies" | "profiles" | "modules_v2" | "agency_module_subscriptions" | "media_folders" | "sites" | "blog_categories" | "blog_posts" | "clients" | "subscriptions" | "assets" | ... 29 more ... | "ticket_messages"'.
  Overload 2 of 2, '(relation: never): PostgrestQueryBuilder<{ PostgrestVersion: "14.1"; }, { Tables: { activity_log: { Row: { action: string; agency_id: string; created_at: string | null; details: Json; id: string; ip_address: string | null; resource_id: string | null; resource_name: string | null; resource_type: string; user_id: string; }; Insert: { ...; }; Update: { ...; }; Relationships: [...]; }; ... 39 more ...; ticket_messages: { ...; }; }; Views: {}; Functions: { ...; }; Enums: {}; CompositeTypes: {}; }, never, never, never>', gave the following error.
    Argument of type '"form_submissions"' is not assignable to parameter of type 'never'.
src/lib/forms/submission-service.ts(277,34): error TS2339: Property 'site_id' does not exist on type '{ action: string; agency_id: string; created_at: string | null; details: Json; id: string; ip_address: string | null; resource_id: string | null; resource_name: string | null; resource_type: string; user_id: string; } | ... 39 more ... | { ...; }'.
  Property 'site_id' does not exist on type '{ action: string; agency_id: string; created_at: string | null; details: Json; id: string; ip_address: string | null; resource_id: string | null; resource_name: string | null; resource_type: string; user_id: string; }'.
src/lib/forms/submission-service.ts(296,11): error TS2769: No overload matches this call.
  Overload 1 of 2, '(relation: "agencies" | "profiles" | "modules_v2" | "agency_module_subscriptions" | "media_folders" | "sites" | "blog_categories" | "blog_posts" | "clients" | "subscriptions" | "assets" | ... 29 more ... | "ticket_messages"): PostgrestQueryBuilder<...>', gave the following error.
    Argument of type '"form_submissions"' is not assignable to parameter of type '"agencies" | "profiles" | "modules_v2" | "agency_module_subscriptions" | "media_folders" | "sites" | "blog_categories" | "blog_posts" | "clients" | "subscriptions" | "assets" | ... 29 more ... | "ticket_messages"'.
  Overload 2 of 2, '(relation: never): PostgrestQueryBuilder<{ PostgrestVersion: "14.1"; }, { Tables: { activity_log: { Row: { action: string; agency_id: string; created_at: string | null; details: Json; id: string; ip_address: string | null; resource_id: string | null; resource_name: string | null; resource_type: string; user_id: string; }; Insert: { ...; }; Update: { ...; }; Relationships: [...]; }; ... 39 more ...; ticket_messages: { ...; }; }; Views: {}; Functions: { ...; }; Enums: {}; CompositeTypes: {}; }, never, never, never>', gave the following error.
    Argument of type '"form_submissions"' is not assignable to parameter of type 'never'.
src/lib/forms/submission-service.ts(301,51): error TS2339: Property 'site_id' does not exist on type 'SelectQueryError<"column 'site_id' does not exist on 'agencies'."> | SelectQueryError<"column 'site_id' does not exist on 'profiles'."> | ... 38 more ... | SelectQueryError<...>'.
  Property 'site_id' does not exist on type 'SelectQueryError<"column 'site_id' does not exist on 'agencies'.">'.
src/lib/forms/submission-service.ts(306,11): error TS2769: No overload matches this call.
  Overload 1 of 2, '(relation: "agencies" | "profiles" | "modules_v2" | "agency_module_subscriptions" | "media_folders" | "sites" | "blog_categories" | "blog_posts" | "clients" | "subscriptions" | "assets" | ... 29 more ... | "ticket_messages"): PostgrestQueryBuilder<...>', gave the following error.
    Argument of type '"form_submissions"' is not assignable to parameter of type '"agencies" | "profiles" | "modules_v2" | "agency_module_subscriptions" | "media_folders" | "sites" | "blog_categories" | "blog_posts" | "clients" | "subscriptions" | "assets" | ... 29 more ... | "ticket_messages"'.
  Overload 2 of 2, '(relation: never): PostgrestQueryBuilder<{ PostgrestVersion: "14.1"; }, { Tables: { activity_log: { Row: { action: string; agency_id: string; created_at: string | null; details: Json; id: string; ip_address: string | null; resource_id: string | null; resource_name: string | null; resource_type: string; user_id: string; }; Insert: { ...; }; Update: { ...; }; Relationships: [...]; }; ... 39 more ...; ticket_messages: { ...; }; }; Views: {}; Functions: { ...; }; Enums: {}; CompositeTypes: {}; }, never, never, never>', gave the following error.
    Argument of type '"form_submissions"' is not assignable to parameter of type 'never'.
src/lib/forms/submission-service.ts(339,11): error TS2769: No overload matches this call.
  Overload 1 of 2, '(relation: "agencies" | "profiles" | "modules_v2" | "agency_module_subscriptions" | "media_folders" | "sites" | "blog_categories" | "blog_posts" | "clients" | "subscriptions" | "assets" | ... 29 more ... | "ticket_messages"): PostgrestQueryBuilder<...>', gave the following error.
    Argument of type '"form_submissions"' is not assignable to parameter of type '"agencies" | "profiles" | "modules_v2" | "agency_module_subscriptions" | "media_folders" | "sites" | "blog_categories" | "blog_posts" | "clients" | "subscriptions" | "assets" | ... 29 more ... | "ticket_messages"'.
  Overload 2 of 2, '(relation: never): PostgrestQueryBuilder<{ PostgrestVersion: "14.1"; }, { Tables: { activity_log: { Row: { action: string; agency_id: string; created_at: string | null; details: Json; id: string; ip_address: string | null; resource_id: string | null; resource_name: string | null; resource_type: string; user_id: string; }; Insert: { ...; }; Update: { ...; }; Relationships: [...]; }; ... 39 more ...; ticket_messages: { ...; }; }; Views: {}; Functions: { ...; }; Enums: {}; CompositeTypes: {}; }, never, never, never>', gave the following error.
    Argument of type '"form_submissions"' is not assignable to parameter of type 'never'.
src/lib/forms/submission-service.ts(344,51): error TS2339: Property 'site_id' does not exist on type 'SelectQueryError<"column 'site_id' does not exist on 'agencies'."> | SelectQueryError<"column 'site_id' does not exist on 'profiles'."> | ... 38 more ... | SelectQueryError<...>'.
  Property 'site_id' does not exist on type 'SelectQueryError<"column 'site_id' does not exist on 'agencies'.">'.
src/lib/forms/submission-service.ts(349,11): error TS2769: No overload matches this call.
  Overload 1 of 2, '(relation: "agencies" | "profiles" | "modules_v2" | "agency_module_subscriptions" | "media_folders" | "sites" | "blog_categories" | "blog_posts" | "clients" | "subscriptions" | "assets" | ... 29 more ... | "ticket_messages"): PostgrestQueryBuilder<...>', gave the following error.
    Argument of type '"form_submissions"' is not assignable to parameter of type '"agencies" | "profiles" | "modules_v2" | "agency_module_subscriptions" | "media_folders" | "sites" | "blog_categories" | "blog_posts" | "clients" | "subscriptions" | "assets" | ... 29 more ... | "ticket_messages"'.
  Overload 2 of 2, '(relation: never): PostgrestQueryBuilder<{ PostgrestVersion: "14.1"; }, { Tables: { activity_log: { Row: { action: string; agency_id: string; created_at: string | null; details: Json; id: string; ip_address: string | null; resource_id: string | null; resource_name: string | null; resource_type: string; user_id: string; }; Insert: { ...; }; Update: { ...; }; Relationships: [...]; }; ... 39 more ...; ticket_messages: { ...; }; }; Views: {}; Functions: { ...; }; Enums: {}; CompositeTypes: {}; }, never, never, never>', gave the following error.
    Argument of type '"form_submissions"' is not assignable to parameter of type 'never'.
src/lib/forms/submission-service.ts(383,11): error TS2769: No overload matches this call.
  Overload 1 of 2, '(relation: "agencies" | "profiles" | "modules_v2" | "agency_module_subscriptions" | "media_folders" | "sites" | "blog_categories" | "blog_posts" | "clients" | "subscriptions" | "assets" | ... 29 more ... | "ticket_messages"): PostgrestQueryBuilder<...>', gave the following error.
    Argument of type '"form_submissions"' is not assignable to parameter of type '"agencies" | "profiles" | "modules_v2" | "agency_module_subscriptions" | "media_folders" | "sites" | "blog_categories" | "blog_posts" | "clients" | "subscriptions" | "assets" | ... 29 more ... | "ticket_messages"'.
  Overload 2 of 2, '(relation: never): PostgrestQueryBuilder<{ PostgrestVersion: "14.1"; }, { Tables: { activity_log: { Row: { action: string; agency_id: string; created_at: string | null; details: Json; id: string; ip_address: string | null; resource_id: string | null; resource_name: string | null; resource_type: string; user_id: string; }; Insert: { ...; }; Update: { ...; }; Relationships: [...]; }; ... 39 more ...; ticket_messages: { ...; }; }; Views: {}; Functions: { ...; }; Enums: {}; CompositeTypes: {}; }, never, never, never>', gave the following error.
    Argument of type '"form_submissions"' is not assignable to parameter of type 'never'.
src/lib/forms/submission-service.ts(389,37): error TS2339: Property 'site_id' does not exist on type 'SelectQueryError<"column 'id' does not exist on 'agencies'."> | SelectQueryError<"column 'id' does not exist on 'profiles'."> | ... 38 more ... | SelectQueryError<...>'.
  Property 'site_id' does not exist on type 'SelectQueryError<"column 'id' does not exist on 'agencies'.">'.
src/lib/forms/submission-service.ts(396,11): error TS2769: No overload matches this call.
  Overload 1 of 2, '(relation: "agencies" | "profiles" | "modules_v2" | "agency_module_subscriptions" | "media_folders" | "sites" | "blog_categories" | "blog_posts" | "clients" | "subscriptions" | "assets" | ... 29 more ... | "ticket_messages"): PostgrestQueryBuilder<...>', gave the following error.
    Argument of type '"form_submissions"' is not assignable to parameter of type '"agencies" | "profiles" | "modules_v2" | "agency_module_subscriptions" | "media_folders" | "sites" | "blog_categories" | "blog_posts" | "clients" | "subscriptions" | "assets" | ... 29 more ... | "ticket_messages"'.
  Overload 2 of 2, '(relation: never): PostgrestQueryBuilder<{ PostgrestVersion: "14.1"; }, { Tables: { activity_log: { Row: { action: string; agency_id: string; created_at: string | null; details: Json; id: string; ip_address: string | null; resource_id: string | null; resource_name: string | null; resource_type: string; user_id: string; }; Insert: { ...; }; Update: { ...; }; Relationships: [...]; }; ... 39 more ...; ticket_messages: { ...; }; }; Views: {}; Functions: { ...; }; Enums: {}; CompositeTypes: {}; }, never, never, never>', gave the following error.
    Argument of type '"form_submissions"' is not assignable to parameter of type 'never'.
src/lib/forms/submission-service.ts(423,11): error TS2769: No overload matches this call.
  Overload 1 of 2, '(relation: "agencies" | "profiles" | "modules_v2" | "agency_module_subscriptions" | "media_folders" | "sites" | "blog_categories" | "blog_posts" | "clients" | "subscriptions" | "assets" | ... 29 more ... | "ticket_messages"): PostgrestQueryBuilder<...>', gave the following error.
    Argument of type '"form_settings"' is not assignable to parameter of type '"agencies" | "profiles" | "modules_v2" | "agency_module_subscriptions" | "media_folders" | "sites" | "blog_categories" | "blog_posts" | "clients" | "subscriptions" | "assets" | ... 29 more ... | "ticket_messages"'.
  Overload 2 of 2, '(relation: never): PostgrestQueryBuilder<{ PostgrestVersion: "14.1"; }, { Tables: { activity_log: { Row: { action: string; agency_id: string; created_at: string | null; details: Json; id: string; ip_address: string | null; resource_id: string | null; resource_name: string | null; resource_type: string; user_id: string; }; Insert: { ...; }; Update: { ...; }; Relationships: [...]; }; ... 39 more ...; ticket_messages: { ...; }; }; Views: {}; Functions: { ...; }; Enums: {}; CompositeTypes: {}; }, never, never, never>', gave the following error.
    Argument of type '"form_settings"' is not assignable to parameter of type 'never'.
src/lib/forms/submission-service.ts(469,11): error TS2769: No overload matches this call.
  Overload 1 of 2, '(relation: "agencies" | "profiles" | "modules_v2" | "agency_module_subscriptions" | "media_folders" | "sites" | "blog_categories" | "blog_posts" | "clients" | "subscriptions" | "assets" | ... 29 more ... | "ticket_messages"): PostgrestQueryBuilder<...>', gave the following error.
    Argument of type '"form_settings"' is not assignable to parameter of type '"agencies" | "profiles" | "modules_v2" | "agency_module_subscriptions" | "media_folders" | "sites" | "blog_categories" | "blog_posts" | "clients" | "subscriptions" | "assets" | ... 29 more ... | "ticket_messages"'.
  Overload 2 of 2, '(relation: never): PostgrestQueryBuilder<{ PostgrestVersion: "14.1"; }, { Tables: { activity_log: { Row: { action: string; agency_id: string; created_at: string | null; details: Json; id: string; ip_address: string | null; resource_id: string | null; resource_name: string | null; resource_type: string; user_id: string; }; Insert: { ...; }; Update: { ...; }; Relationships: [...]; }; ... 39 more ...; ticket_messages: { ...; }; }; Views: {}; Functions: { ...; }; Enums: {}; CompositeTypes: {}; }, never, never, never>', gave the following error.
    Argument of type '"form_settings"' is not assignable to parameter of type 'never'.
src/lib/forms/submission-service.ts(519,13): error TS2769: No overload matches this call.
  Overload 1 of 2, '(relation: "agencies" | "profiles" | "modules_v2" | "agency_module_subscriptions" | "media_folders" | "sites" | "blog_categories" | "blog_posts" | "clients" | "subscriptions" | "assets" | ... 29 more ... | "ticket_messages"): PostgrestQueryBuilder<...>', gave the following error.
    Argument of type '"form_submissions"' is not assignable to parameter of type '"agencies" | "profiles" | "modules_v2" | "agency_module_subscriptions" | "media_folders" | "sites" | "blog_categories" | "blog_posts" | "clients" | "subscriptions" | "assets" | ... 29 more ... | "ticket_messages"'.
  Overload 2 of 2, '(relation: never): PostgrestQueryBuilder<{ PostgrestVersion: "14.1"; }, { Tables: { activity_log: { Row: { action: string; agency_id: string; created_at: string | null; details: Json; id: string; ip_address: string | null; resource_id: string | null; resource_name: string | null; resource_type: string; user_id: string; }; Insert: { ...; }; Update: { ...; }; Relationships: [...]; }; ... 39 more ...; ticket_messages: { ...; }; }; Views: {}; Functions: { ...; }; Enums: {}; CompositeTypes: {}; }, never, never, never>', gave the following error.
    Argument of type '"form_submissions"' is not assignable to parameter of type 'never'.
src/lib/forms/submission-service.ts(523,13): error TS2769: No overload matches this call.
  Overload 1 of 2, '(relation: "agencies" | "profiles" | "modules_v2" | "agency_module_subscriptions" | "media_folders" | "sites" | "blog_categories" | "blog_posts" | "clients" | "subscriptions" | "assets" | ... 29 more ... | "ticket_messages"): PostgrestQueryBuilder<...>', gave the following error.
    Argument of type '"form_submissions"' is not assignable to parameter of type '"agencies" | "profiles" | "modules_v2" | "agency_module_subscriptions" | "media_folders" | "sites" | "blog_categories" | "blog_posts" | "clients" | "subscriptions" | "assets" | ... 29 more ... | "ticket_messages"'.
  Overload 2 of 2, '(relation: never): PostgrestQueryBuilder<{ PostgrestVersion: "14.1"; }, { Tables: { activity_log: { Row: { action: string; agency_id: string; created_at: string | null; details: Json; id: string; ip_address: string | null; resource_id: string | null; resource_name: string | null; resource_type: string; user_id: string; }; Insert: { ...; }; Update: { ...; }; Relationships: [...]; }; ... 39 more ...; ticket_messages: { ...; }; }; Views: {}; Functions: { ...; }; Enums: {}; CompositeTypes: {}; }, never, never, never>', gave the following error.
    Argument of type '"form_submissions"' is not assignable to parameter of type 'never'.
src/lib/forms/submission-service.ts(528,13): error TS2769: No overload matches this call.
  Overload 1 of 2, '(relation: "agencies" | "profiles" | "modules_v2" | "agency_module_subscriptions" | "media_folders" | "sites" | "blog_categories" | "blog_posts" | "clients" | "subscriptions" | "assets" | ... 29 more ... | "ticket_messages"): PostgrestQueryBuilder<...>', gave the following error.
    Argument of type '"form_submissions"' is not assignable to parameter of type '"agencies" | "profiles" | "modules_v2" | "agency_module_subscriptions" | "media_folders" | "sites" | "blog_categories" | "blog_posts" | "clients" | "subscriptions" | "assets" | ... 29 more ... | "ticket_messages"'.
  Overload 2 of 2, '(relation: never): PostgrestQueryBuilder<{ PostgrestVersion: "14.1"; }, { Tables: { activity_log: { Row: { action: string; agency_id: string; created_at: string | null; details: Json; id: string; ip_address: string | null; resource_id: string | null; resource_name: string | null; resource_type: string; user_id: string; }; Insert: { ...; }; Update: { ...; }; Relationships: [...]; }; ... 39 more ...; ticket_messages: { ...; }; }; Views: {}; Functions: { ...; }; Enums: {}; CompositeTypes: {}; }, never, never, never>', gave the following error.
    Argument of type '"form_submissions"' is not assignable to parameter of type 'never'.
src/lib/forms/submission-service.ts(533,13): error TS2769: No overload matches this call.
  Overload 1 of 2, '(relation: "agencies" | "profiles" | "modules_v2" | "agency_module_subscriptions" | "media_folders" | "sites" | "blog_categories" | "blog_posts" | "clients" | "subscriptions" | "assets" | ... 29 more ... | "ticket_messages"): PostgrestQueryBuilder<...>', gave the following error.
    Argument of type '"form_submissions"' is not assignable to parameter of type '"agencies" | "profiles" | "modules_v2" | "agency_module_subscriptions" | "media_folders" | "sites" | "blog_categories" | "blog_posts" | "clients" | "subscriptions" | "assets" | ... 29 more ... | "ticket_messages"'.
  Overload 2 of 2, '(relation: never): PostgrestQueryBuilder<{ PostgrestVersion: "14.1"; }, { Tables: { activity_log: { Row: { action: string; agency_id: string; created_at: string | null; details: Json; id: string; ip_address: string | null; resource_id: string | null; resource_name: string | null; resource_type: string; user_id: string; }; Insert: { ...; }; Update: { ...; }; Relationships: [...]; }; ... 39 more ...; ticket_messages: { ...; }; }; Views: {}; Functions: { ...; }; Enums: {}; CompositeTypes: {}; }, never, never, never>', gave the following error.
    Argument of type '"form_submissions"' is not assignable to parameter of type 'never'.
src/lib/forms/submission-service.ts(562,11): error TS2769: No overload matches this call.
  Overload 1 of 2, '(relation: "agencies" | "profiles" | "modules_v2" | "agency_module_subscriptions" | "media_folders" | "sites" | "blog_categories" | "blog_posts" | "clients" | "subscriptions" | "assets" | ... 29 more ... | "ticket_messages"): PostgrestQueryBuilder<...>', gave the following error.
    Argument of type '"form_submissions"' is not assignable to parameter of type '"agencies" | "profiles" | "modules_v2" | "agency_module_subscriptions" | "media_folders" | "sites" | "blog_categories" | "blog_posts" | "clients" | "subscriptions" | "assets" | ... 29 more ... | "ticket_messages"'.
  Overload 2 of 2, '(relation: never): PostgrestQueryBuilder<{ PostgrestVersion: "14.1"; }, { Tables: { activity_log: { Row: { action: string; agency_id: string; created_at: string | null; details: Json; id: string; ip_address: string | null; resource_id: string | null; resource_name: string | null; resource_type: string; user_id: string; }; Insert: { ...; }; Update: { ...; }; Relationships: [...]; }; ... 39 more ...; ticket_messages: { ...; }; }; Views: {}; Functions: { ...; }; Enums: {}; CompositeTypes: {}; }, never, never, never>', gave the following error.
    Argument of type '"form_submissions"' is not assignable to parameter of type 'never'.
src/lib/forms/submission-service.ts(573,38): error TS2339: Property 'form_id' does not exist on type 'SelectQueryError<"column 'form_id' does not exist on 'agencies'."> | SelectQueryError<"column 'form_id' does not exist on 'profiles'."> | ... 38 more ... | SelectQueryError<...>'.
  Property 'form_id' does not exist on type 'SelectQueryError<"column 'form_id' does not exist on 'agencies'.">'.
src/lib/forms/submission-service.ts(574,24): error TS2339: Property 'form_id' does not exist on type 'SelectQueryError<"column 'form_id' does not exist on 'agencies'."> | SelectQueryError<"column 'form_id' does not exist on 'profiles'."> | ... 38 more ... | SelectQueryError<...>'.
  Property 'form_id' does not exist on type 'SelectQueryError<"column 'form_id' does not exist on 'agencies'.">'.
src/lib/forms/submission-service.ts(580,11): error TS2769: No overload matches this call.
  Overload 1 of 2, '(relation: "agencies" | "profiles" | "modules_v2" | "agency_module_subscriptions" | "media_folders" | "sites" | "blog_categories" | "blog_posts" | "clients" | "subscriptions" | "assets" | ... 29 more ... | "ticket_messages"): PostgrestQueryBuilder<...>', gave the following error.
    Argument of type '"form_settings"' is not assignable to parameter of type '"agencies" | "profiles" | "modules_v2" | "agency_module_subscriptions" | "media_folders" | "sites" | "blog_categories" | "blog_posts" | "clients" | "subscriptions" | "assets" | ... 29 more ... | "ticket_messages"'.
  Overload 2 of 2, '(relation: never): PostgrestQueryBuilder<{ PostgrestVersion: "14.1"; }, { Tables: { activity_log: { Row: { action: string; agency_id: string; created_at: string | null; details: Json; id: string; ip_address: string | null; resource_id: string | null; resource_name: string | null; resource_type: string; user_id: string; }; Insert: { ...; }; Update: { ...; }; Relationships: [...]; }; ... 39 more ...; ticket_messages: { ...; }; }; Views: {}; Functions: { ...; }; Enums: {}; CompositeTypes: {}; }, never, never, never>', gave the following error.
    Argument of type '"form_settings"' is not assignable to parameter of type 'never'.
src/lib/forms/submission-service.ts(587,29): error TS2339: Property 'form_id' does not exist on type 'SelectQueryError<"column 'form_id' does not exist on 'agencies'."> | SelectQueryError<"column 'form_id' does not exist on 'profiles'."> | ... 38 more ... | SelectQueryError<...>'.
  Property 'form_id' does not exist on type 'SelectQueryError<"column 'form_id' does not exist on 'agencies'.">'.
src/lib/forms/submission-service.ts(587,46): error TS2339: Property 'form_name' does not exist on type 'SelectQueryError<"column 'form_id' does not exist on 'agencies'."> | SelectQueryError<"column 'form_id' does not exist on 'profiles'."> | ... 38 more ... | SelectQueryError<...>'.
  Property 'form_name' does not exist on type 'SelectQueryError<"column 'form_id' does not exist on 'agencies'.">'.
src/lib/forms/submission-service.ts(641,11): error TS2769: No overload matches this call.
  Overload 1 of 2, '(relation: "agencies" | "profiles" | "modules_v2" | "agency_module_subscriptions" | "media_folders" | "sites" | "blog_categories" | "blog_posts" | "clients" | "subscriptions" | "assets" | ... 29 more ... | "ticket_messages"): PostgrestQueryBuilder<...>', gave the following error.
    Argument of type '"form_webhooks"' is not assignable to parameter of type '"agencies" | "profiles" | "modules_v2" | "agency_module_subscriptions" | "media_folders" | "sites" | "blog_categories" | "blog_posts" | "clients" | "subscriptions" | "assets" | ... 29 more ... | "ticket_messages"'.
  Overload 2 of 2, '(relation: never): PostgrestQueryBuilder<{ PostgrestVersion: "14.1"; }, { Tables: { activity_log: { Row: { action: string; agency_id: string; created_at: string | null; details: Json; id: string; ip_address: string | null; resource_id: string | null; resource_name: string | null; resource_type: string; user_id: string; }; Insert: { ...; }; Update: { ...; }; Relationships: [...]; }; ... 39 more ...; ticket_messages: { ...; }; }; Views: {}; Functions: { ...; }; Enums: {}; CompositeTypes: {}; }, never, never, never>', gave the following error.
    Argument of type '"form_webhooks"' is not assignable to parameter of type 'never'.
src/lib/forms/submission-service.ts(679,11): error TS2769: No overload matches this call.
  Overload 1 of 2, '(relation: "agencies" | "profiles" | "modules_v2" | "agency_module_subscriptions" | "media_folders" | "sites" | "blog_categories" | "blog_posts" | "clients" | "subscriptions" | "assets" | ... 29 more ... | "ticket_messages"): PostgrestQueryBuilder<...>', gave the following error.
    Argument of type '"form_webhooks"' is not assignable to parameter of type '"agencies" | "profiles" | "modules_v2" | "agency_module_subscriptions" | "media_folders" | "sites" | "blog_categories" | "blog_posts" | "clients" | "subscriptions" | "assets" | ... 29 more ... | "ticket_messages"'.
  Overload 2 of 2, '(relation: never): PostgrestQueryBuilder<{ PostgrestVersion: "14.1"; }, { Tables: { activity_log: { Row: { action: string; agency_id: string; created_at: string | null; details: Json; id: string; ip_address: string | null; resource_id: string | null; resource_name: string | null; resource_type: string; user_id: string; }; Insert: { ...; }; Update: { ...; }; Relationships: [...]; }; ... 39 more ...; ticket_messages: { ...; }; }; Views: {}; Functions: { ...; }; Enums: {}; CompositeTypes: {}; }, never, never, never>', gave the following error.
    Argument of type '"form_webhooks"' is not assignable to parameter of type 'never'.
src/lib/forms/submission-service.ts(722,11): error TS2769: No overload matches this call.
  Overload 1 of 2, '(relation: "agencies" | "profiles" | "modules_v2" | "agency_module_subscriptions" | "media_folders" | "sites" | "blog_categories" | "blog_posts" | "clients" | "subscriptions" | "assets" | ... 29 more ... | "ticket_messages"): PostgrestQueryBuilder<...>', gave the following error.
    Argument of type '"form_webhooks"' is not assignable to parameter of type '"agencies" | "profiles" | "modules_v2" | "agency_module_subscriptions" | "media_folders" | "sites" | "blog_categories" | "blog_posts" | "clients" | "subscriptions" | "assets" | ... 29 more ... | "ticket_messages"'.
  Overload 2 of 2, '(relation: never): PostgrestQueryBuilder<{ PostgrestVersion: "14.1"; }, { Tables: { activity_log: { Row: { action: string; agency_id: string; created_at: string | null; details: Json; id: string; ip_address: string | null; resource_id: string | null; resource_name: string | null; resource_type: string; user_id: string; }; Insert: { ...; }; Update: { ...; }; Relationships: [...]; }; ... 39 more ...; ticket_messages: { ...; }; }; Views: {}; Functions: { ...; }; Enums: {}; CompositeTypes: {}; }, never, never, never>', gave the following error.
    Argument of type '"form_webhooks"' is not assignable to parameter of type 'never'.
src/lib/forms/submission-service.ts(727,51): error TS2339: Property 'site_id' does not exist on type 'SelectQueryError<"column 'site_id' does not exist on 'agencies'."> | SelectQueryError<"column 'site_id' does not exist on 'profiles'."> | ... 38 more ... | SelectQueryError<...>'.
  Property 'site_id' does not exist on type 'SelectQueryError<"column 'site_id' does not exist on 'agencies'.">'.
src/lib/forms/submission-service.ts(732,11): error TS2769: No overload matches this call.
  Overload 1 of 2, '(relation: "agencies" | "profiles" | "modules_v2" | "agency_module_subscriptions" | "media_folders" | "sites" | "blog_categories" | "blog_posts" | "clients" | "subscriptions" | "assets" | ... 29 more ... | "ticket_messages"): PostgrestQueryBuilder<...>', gave the following error.
    Argument of type '"form_webhooks"' is not assignable to parameter of type '"agencies" | "profiles" | "modules_v2" | "agency_module_subscriptions" | "media_folders" | "sites" | "blog_categories" | "blog_posts" | "clients" | "subscriptions" | "assets" | ... 29 more ... | "ticket_messages"'.
  Overload 2 of 2, '(relation: never): PostgrestQueryBuilder<{ PostgrestVersion: "14.1"; }, { Tables: { activity_log: { Row: { action: string; agency_id: string; created_at: string | null; details: Json; id: string; ip_address: string | null; resource_id: string | null; resource_name: string | null; resource_type: string; user_id: string; }; Insert: { ...; }; Update: { ...; }; Relationships: [...]; }; ... 39 more ...; ticket_messages: { ...; }; }; Views: {}; Functions: { ...; }; Enums: {}; CompositeTypes: {}; }, never, never, never>', gave the following error.
    Argument of type '"form_webhooks"' is not assignable to parameter of type 'never'.
src/lib/forms/submission-service.ts(766,11): error TS2769: No overload matches this call.
  Overload 1 of 2, '(relation: "agencies" | "profiles" | "modules_v2" | "agency_module_subscriptions" | "media_folders" | "sites" | "blog_categories" | "blog_posts" | "clients" | "subscriptions" | "assets" | ... 29 more ... | "ticket_messages"): PostgrestQueryBuilder<...>', gave the following error.
    Argument of type '"form_webhooks"' is not assignable to parameter of type '"agencies" | "profiles" | "modules_v2" | "agency_module_subscriptions" | "media_folders" | "sites" | "blog_categories" | "blog_posts" | "clients" | "subscriptions" | "assets" | ... 29 more ... | "ticket_messages"'.
  Overload 2 of 2, '(relation: never): PostgrestQueryBuilder<{ PostgrestVersion: "14.1"; }, { Tables: { activity_log: { Row: { action: string; agency_id: string; created_at: string | null; details: Json; id: string; ip_address: string | null; resource_id: string | null; resource_name: string | null; resource_type: string; user_id: string; }; Insert: { ...; }; Update: { ...; }; Relationships: [...]; }; ... 39 more ...; ticket_messages: { ...; }; }; Views: {}; Functions: { ...; }; Enums: {}; CompositeTypes: {}; }, never, never, never>', gave the following error.
    Argument of type '"form_webhooks"' is not assignable to parameter of type 'never'.
src/lib/forms/submission-service.ts(771,51): error TS2339: Property 'site_id' does not exist on type 'SelectQueryError<"column 'site_id' does not exist on 'agencies'."> | SelectQueryError<"column 'site_id' does not exist on 'profiles'."> | ... 38 more ... | SelectQueryError<...>'.
  Property 'site_id' does not exist on type 'SelectQueryError<"column 'site_id' does not exist on 'agencies'.">'.
src/lib/forms/submission-service.ts(776,11): error TS2769: No overload matches this call.
  Overload 1 of 2, '(relation: "agencies" | "profiles" | "modules_v2" | "agency_module_subscriptions" | "media_folders" | "sites" | "blog_categories" | "blog_posts" | "clients" | "subscriptions" | "assets" | ... 29 more ... | "ticket_messages"): PostgrestQueryBuilder<...>', gave the following error.
    Argument of type '"form_webhooks"' is not assignable to parameter of type '"agencies" | "profiles" | "modules_v2" | "agency_module_subscriptions" | "media_folders" | "sites" | "blog_categories" | "blog_posts" | "clients" | "subscriptions" | "assets" | ... 29 more ... | "ticket_messages"'.
  Overload 2 of 2, '(relation: never): PostgrestQueryBuilder<{ PostgrestVersion: "14.1"; }, { Tables: { activity_log: { Row: { action: string; agency_id: string; created_at: string | null; details: Json; id: string; ip_address: string | null; resource_id: string | null; resource_name: string | null; resource_type: string; user_id: string; }; Insert: { ...; }; Update: { ...; }; Relationships: [...]; }; ... 39 more ...; ticket_messages: { ...; }; }; Views: {}; Functions: { ...; }; Enums: {}; CompositeTypes: {}; }, never, never, never>', gave the following error.
    Argument of type '"form_webhooks"' is not assignable to parameter of type 'never'.
src/lib/hooks/use-billing.ts(16,15): error TS2769: No overload matches this call.
  Overload 1 of 2, '(relation: "agencies" | "profiles" | "modules_v2" | "agency_module_subscriptions" | "media_folders" | "sites" | "blog_categories" | "blog_posts" | "clients" | "subscriptions" | "assets" | ... 29 more ... | "ticket_messages"): PostgrestQueryBuilder<...>', gave the following error.
    Argument of type '"billing_subscriptions"' is not assignable to parameter of type '"agencies" | "profiles" | "modules_v2" | "agency_module_subscriptions" | "media_folders" | "sites" | "blog_categories" | "blog_posts" | "clients" | "subscriptions" | "assets" | ... 29 more ... | "ticket_messages"'.
  Overload 2 of 2, '(relation: never): PostgrestQueryBuilder<{ PostgrestVersion: "14.1"; }, { Tables: { activity_log: { Row: { action: string; agency_id: string; created_at: string | null; details: Json; id: string; ip_address: string | null; resource_id: string | null; resource_name: string | null; resource_type: string; user_id: string; }; Insert: { ...; }; Update: { ...; }; Relationships: [...]; }; ... 39 more ...; ticket_messages: { ...; }; }; Views: {}; Functions: { ...; }; Enums: {}; CompositeTypes: {}; }, never, never, never>', gave the following error.
    Argument of type '"billing_subscriptions"' is not assignable to parameter of type 'never'.
src/lib/hooks/use-billing.ts(24,15): error TS2769: No overload matches this call.
  Overload 1 of 2, '(relation: "agencies" | "profiles" | "modules_v2" | "agency_module_subscriptions" | "media_folders" | "sites" | "blog_categories" | "blog_posts" | "clients" | "subscriptions" | "assets" | ... 29 more ... | "ticket_messages"): PostgrestQueryBuilder<...>', gave the following error.
    Argument of type '"billing_customers"' is not assignable to parameter of type '"agencies" | "profiles" | "modules_v2" | "agency_module_subscriptions" | "media_folders" | "sites" | "blog_categories" | "blog_posts" | "clients" | "subscriptions" | "assets" | ... 29 more ... | "ticket_messages"'.
  Overload 2 of 2, '(relation: never): PostgrestQueryBuilder<{ PostgrestVersion: "14.1"; }, { Tables: { activity_log: { Row: { action: string; agency_id: string; created_at: string | null; details: Json; id: string; ip_address: string | null; resource_id: string | null; resource_name: string | null; resource_type: string; user_id: string; }; Insert: { ...; }; Update: { ...; }; Relationships: [...]; }; ... 39 more ...; ticket_messages: { ...; }; }; Views: {}; Functions: { ...; }; Enums: {}; CompositeTypes: {}; }, never, never, never>', gave the following error.
    Argument of type '"billing_customers"' is not assignable to parameter of type 'never'.
src/lib/hooks/use-billing.ts(31,15): error TS2769: No overload matches this call.
  Overload 1 of 2, '(relation: "agencies" | "profiles" | "modules_v2" | "agency_module_subscriptions" | "media_folders" | "sites" | "blog_categories" | "blog_posts" | "clients" | "subscriptions" | "assets" | ... 29 more ... | "ticket_messages"): PostgrestQueryBuilder<...>', gave the following error.
    Argument of type '"billing_invoices"' is not assignable to parameter of type '"agencies" | "profiles" | "modules_v2" | "agency_module_subscriptions" | "media_folders" | "sites" | "blog_categories" | "blog_posts" | "clients" | "subscriptions" | "assets" | ... 29 more ... | "ticket_messages"'.
  Overload 2 of 2, '(relation: never): PostgrestQueryBuilder<{ PostgrestVersion: "14.1"; }, { Tables: { activity_log: { Row: { action: string; agency_id: string; created_at: string | null; details: Json; id: string; ip_address: string | null; resource_id: string | null; resource_name: string | null; resource_type: string; user_id: string; }; Insert: { ...; }; Update: { ...; }; Relationships: [...]; }; ... 39 more ...; ticket_messages: { ...; }; }; Views: {}; Functions: { ...; }; Enums: {}; CompositeTypes: {}; }, never, never, never>', gave the following error.
    Argument of type '"billing_invoices"' is not assignable to parameter of type 'never'.
src/lib/hooks/use-billing.ts(46,19): error TS2352: Conversion of type '({ action: string; agency_id: string; created_at: string | null; details: Json; id: string; ip_address: string | null; resource_id: string | null; resource_name: string | null; resource_type: string; user_id: string; } | ... 39 more ... | { ...; })[]' to type 'BillingInvoice[]' may be a mistake because neither type sufficiently overlaps with the other. If this was intentional, convert the expression to 'unknown' first.
  Type '{ action: string; agency_id: string; created_at: string | null; details: Json; id: string; ip_address: string | null; resource_id: string | null; resource_name: string | null; resource_type: string; user_id: string; } | ... 39 more ... | { ...; }' is not comparable to type 'BillingInvoice'.
    Type '{ attachments: Json; created_at: string | null; id: string; message: string; sender_id: string; sender_name: string; sender_type: string; ticket_id: string; }' is missing the following properties from type 'BillingInvoice': agency_id, stripe_invoice_id, amount_due, amount_paid, and 6 more.
src/lib/hooks/use-billing.ts(47,37): error TS2339: Property 'quantity' does not exist on type '{ action: string; agency_id: string; created_at: string | null; details: Json; id: string; ip_address: string | null; resource_id: string | null; resource_name: string | null; resource_type: string; user_id: string; } | ... 39 more ... | { ...; }'.
  Property 'quantity' does not exist on type '{ action: string; agency_id: string; created_at: string | null; details: Json; id: string; ip_address: string | null; resource_id: string | null; resource_name: string | null; resource_type: string; user_id: string; }'.
src/lib/hooks/use-client-mutation.ts(5,10): error TS2305: Module '"@/types"' has no exported member 'Client'.
src/lib/hooks/use-client-mutation.ts(15,17): error TS2769: No overload matches this call.
  Overload 1 of 2, '(values: { agency_id: string; can_edit_content?: boolean | null | undefined; can_view_analytics?: boolean | null | undefined; can_view_invoices?: boolean | null | undefined; company?: string | null | undefined; ... 15 more ...; updated_at?: string | ... 1 more ... | undefined; }, options?: { ...; } | undefined): PostgrestFilterBuilder<...>', gave the following error.
    Argument of type 'Omit<Client, "id" | "created_at" | "updated_at">' is not assignable to parameter of type '{ agency_id: string; can_edit_content?: boolean | null | undefined; can_view_analytics?: boolean | null | undefined; can_view_invoices?: boolean | null | undefined; company?: string | null | undefined; ... 15 more ...; updated_at?: string | ... 1 more ... | undefined; }'.
      Type 'Omit<Client, "id" | "created_at" | "updated_at">' is missing the following properties from type '{ agency_id: string; can_edit_content?: boolean | null | undefined; can_view_analytics?: boolean | null | undefined; can_view_invoices?: boolean | null | undefined; company?: string | null | undefined; ... 15 more ...; updated_at?: string | ... 1 more ... | undefined; }': agency_id, name
  Overload 2 of 2, '(values: Client[], options?: { count?: "exact" | "planned" | "estimated" | undefined; defaultToNull?: boolean | undefined; } | undefined): PostgrestFilterBuilder<{ PostgrestVersion: "14.1"; }, { Tables: { activity_log: { ...; }; ... 39 more ...; ticket_messages: { ...; }; }; Views: {}; Functions: { ...; }; Enums: {}; CompositeTypes: {}; }, ... 4 more ..., "POST">', gave the following error.
    Argument of type 'Omit<Client, "id" | "created_at" | "updated_at">' is not assignable to parameter of type 'Client[]'.
      Type 'Omit<Client, "id" | "created_at" | "updated_at">' is missing the following properties from type 'Client[]': length, pop, push, concat, and 35 more.
src/lib/modules/module-loader.ts(9,11): error TS2769: No overload matches this call.
  Overload 1 of 2, '(relation: "agencies" | "profiles" | "modules_v2" | "agency_module_subscriptions" | "media_folders" | "sites" | "blog_categories" | "blog_posts" | "clients" | "subscriptions" | "assets" | ... 29 more ... | "ticket_messages"): PostgrestQueryBuilder<...>', gave the following error.
    Argument of type '"site_modules"' is not assignable to parameter of type '"agencies" | "profiles" | "modules_v2" | "agency_module_subscriptions" | "media_folders" | "sites" | "blog_categories" | "blog_posts" | "clients" | "subscriptions" | "assets" | ... 29 more ... | "ticket_messages"'.
  Overload 2 of 2, '(relation: never): PostgrestQueryBuilder<{ PostgrestVersion: "14.1"; }, { Tables: { activity_log: { Row: { action: string; agency_id: string; created_at: string | null; details: Json; id: string; ip_address: string | null; resource_id: string | null; resource_name: string | null; resource_type: string; user_id: string; }; Insert: { ...; }; Update: { ...; }; Relationships: [...]; }; ... 39 more ...; ticket_messages: { ...; }; }; Views: {}; Functions: { ...; }; Enums: {}; CompositeTypes: {}; }, never, never, never>', gave the following error.
    Argument of type '"site_modules"' is not assignable to parameter of type 'never'.
src/lib/modules/module-loader.ts(24,24): error TS2339: Property 'module' does not exist on type 'SelectQueryError<"column 'settings' does not exist on 'agencies'."> | SelectQueryError<"column 'settings' does not exist on 'profiles'."> | ... 38 more ... | SelectQueryError<...>'.
  Property 'module' does not exist on type 'SelectQueryError<"column 'settings' does not exist on 'agencies'.">'.
src/lib/modules/module-loader.ts(24,37): error TS2339: Property 'is_enabled' does not exist on type 'SelectQueryError<"column 'settings' does not exist on 'agencies'."> | SelectQueryError<"column 'settings' does not exist on 'profiles'."> | ... 38 more ... | SelectQueryError<...>'.
  Property 'is_enabled' does not exist on type 'SelectQueryError<"column 'settings' does not exist on 'agencies'.">'.
src/lib/modules/module-loader.ts(26,18): error TS2339: Property 'module' does not exist on type 'SelectQueryError<"column 'settings' does not exist on 'agencies'."> | SelectQueryError<"column 'settings' does not exist on 'profiles'."> | ... 38 more ... | SelectQueryError<...>'.
  Property 'module' does not exist on type 'SelectQueryError<"column 'settings' does not exist on 'agencies'.">'.
src/lib/modules/module-loader.ts(27,21): error TS2339: Property 'settings' does not exist on type 'SelectQueryError<"column 'settings' does not exist on 'agencies'."> | SelectQueryError<"column 'settings' does not exist on 'profiles'."> | ... 38 more ... | SelectQueryError<...>'.
  Property 'settings' does not exist on type 'SelectQueryError<"column 'settings' does not exist on 'agencies'.">'.
src/lib/modules/module-service.ts(18,11): error TS2769: No overload matches this call.
  Overload 1 of 2, '(relation: "agencies" | "profiles" | "modules_v2" | "agency_module_subscriptions" | "media_folders" | "sites" | "blog_categories" | "blog_posts" | "clients" | "subscriptions" | "assets" | ... 29 more ... | "ticket_messages"): PostgrestQueryBuilder<...>', gave the following error.
    Argument of type '"site_modules"' is not assignable to parameter of type '"agencies" | "profiles" | "modules_v2" | "agency_module_subscriptions" | "media_folders" | "sites" | "blog_categories" | "blog_posts" | "clients" | "subscriptions" | "assets" | ... 29 more ... | "ticket_messages"'.
  Overload 2 of 2, '(relation: never): PostgrestQueryBuilder<{ PostgrestVersion: "14.1"; }, { Tables: { activity_log: { Row: { action: string; agency_id: string; created_at: string | null; details: Json; id: string; ip_address: string | null; resource_id: string | null; resource_name: string | null; resource_type: string; user_id: string; }; Insert: { ...; }; Update: { ...; }; Relationships: [...]; }; ... 39 more ...; ticket_messages: { ...; }; }; Views: {}; Functions: { ...; }; Enums: {}; CompositeTypes: {}; }, never, never, never>', gave the following error.
    Argument of type '"site_modules"' is not assignable to parameter of type 'never'.
src/lib/modules/module-service.ts(29,43): error TS2339: Property 'module_id' does not exist on type '{ action: string; agency_id: string; created_at: string | null; details: Json; id: string; ip_address: string | null; resource_id: string | null; resource_name: string | null; resource_type: string; user_id: string; } | ... 39 more ... | { ...; }'.
  Property 'module_id' does not exist on type '{ action: string; agency_id: string; created_at: string | null; details: Json; id: string; ip_address: string | null; resource_id: string | null; resource_name: string | null; resource_type: string; user_id: string; }'.
src/lib/modules/module-service.ts(31,15): error TS2339: Property 'id' does not exist on type '{ action: string; agency_id: string; created_at: string | null; details: Json; id: string; ip_address: string | null; resource_id: string | null; resource_name: string | null; resource_type: string; user_id: string; } | ... 39 more ... | { ...; }'.
  Property 'id' does not exist on type '{ category_id: string; post_id: string; }'.
src/lib/modules/module-service.ts(32,19): error TS2339: Property 'site_id' does not exist on type '{ action: string; agency_id: string; created_at: string | null; details: Json; id: string; ip_address: string | null; resource_id: string | null; resource_name: string | null; resource_type: string; user_id: string; } | ... 39 more ... | { ...; }'.
  Property 'site_id' does not exist on type '{ action: string; agency_id: string; created_at: string | null; details: Json; id: string; ip_address: string | null; resource_id: string | null; resource_name: string | null; resource_type: string; user_id: string; }'.
src/lib/modules/module-service.ts(33,21): error TS2339: Property 'module_id' does not exist on type '{ action: string; agency_id: string; created_at: string | null; details: Json; id: string; ip_address: string | null; resource_id: string | null; resource_name: string | null; resource_type: string; user_id: string; } | ... 39 more ... | { ...; }'.
  Property 'module_id' does not exist on type '{ action: string; agency_id: string; created_at: string | null; details: Json; id: string; ip_address: string | null; resource_id: string | null; resource_name: string | null; resource_type: string; user_id: string; }'.
src/lib/modules/module-service.ts(35,33): error TS2339: Property 'enabled_at' does not exist on type '{ action: string; agency_id: string; created_at: string | null; details: Json; id: string; ip_address: string | null; resource_id: string | null; resource_name: string | null; resource_type: string; user_id: string; } | ... 39 more ... | { ...; }'.
  Property 'enabled_at' does not exist on type '{ action: string; agency_id: string; created_at: string | null; details: Json; id: string; ip_address: string | null; resource_id: string | null; resource_name: string | null; resource_type: string; user_id: string; }'.
src/lib/modules/module-service.ts(36,35): error TS2339: Property 'enabled_at' does not exist on type '{ action: string; agency_id: string; created_at: string | null; details: Json; id: string; ip_address: string | null; resource_id: string | null; resource_name: string | null; resource_type: string; user_id: string; } | ... 39 more ... | { ...; }'.
  Property 'enabled_at' does not exist on type '{ action: string; agency_id: string; created_at: string | null; details: Json; id: string; ip_address: string | null; resource_id: string | null; resource_name: string | null; resource_type: string; user_id: string; }'.
src/lib/modules/module-service.ts(37,22): error TS2339: Property 'settings' does not exist on type '{ action: string; agency_id: string; created_at: string | null; details: Json; id: string; ip_address: string | null; resource_id: string | null; resource_name: string | null; resource_type: string; user_id: string; } | ... 39 more ... | { ...; }'.
  Property 'settings' does not exist on type '{ action: string; agency_id: string; created_at: string | null; details: Json; id: string; ip_address: string | null; resource_id: string | null; resource_name: string | null; resource_type: string; user_id: string; }'.
src/lib/modules/module-service.ts(38,20): error TS2339: Property 'is_enabled' does not exist on type '{ action: string; agency_id: string; created_at: string | null; details: Json; id: string; ip_address: string | null; resource_id: string | null; resource_name: string | null; resource_type: string; user_id: string; } | ... 39 more ... | { ...; }'.
  Property 'is_enabled' does not exist on type '{ action: string; agency_id: string; created_at: string | null; details: Json; id: string; ip_address: string | null; resource_id: string | null; resource_name: string | null; resource_type: string; user_id: string; }'.
src/lib/modules/module-service.ts(59,11): error TS2769: No overload matches this call.
  Overload 1 of 2, '(relation: "agencies" | "profiles" | "modules_v2" | "agency_module_subscriptions" | "media_folders" | "sites" | "blog_categories" | "blog_posts" | "clients" | "subscriptions" | "assets" | ... 29 more ... | "ticket_messages"): PostgrestQueryBuilder<...>', gave the following error.
    Argument of type '"site_modules"' is not assignable to parameter of type '"agencies" | "profiles" | "modules_v2" | "agency_module_subscriptions" | "media_folders" | "sites" | "blog_categories" | "blog_posts" | "clients" | "subscriptions" | "assets" | ... 29 more ... | "ticket_messages"'.
  Overload 2 of 2, '(relation: never): PostgrestQueryBuilder<{ PostgrestVersion: "14.1"; }, { Tables: { activity_log: { Row: { action: string; agency_id: string; created_at: string | null; details: Json; id: string; ip_address: string | null; resource_id: string | null; resource_name: string | null; resource_type: string; user_id: string; }; Insert: { ...; }; Update: { ...; }; Relationships: [...]; }; ... 39 more ...; ticket_messages: { ...; }; }; Views: {}; Functions: { ...; }; Enums: {}; CompositeTypes: {}; }, never, never, never>', gave the following error.
    Argument of type '"site_modules"' is not assignable to parameter of type 'never'.
src/lib/modules/module-service.ts(76,11): error TS2769: No overload matches this call.
  Overload 1 of 2, '(relation: "agencies" | "profiles" | "modules_v2" | "agency_module_subscriptions" | "media_folders" | "sites" | "blog_categories" | "blog_posts" | "clients" | "subscriptions" | "assets" | ... 29 more ... | "ticket_messages"): PostgrestQueryBuilder<...>', gave the following error.
    Argument of type '"site_modules"' is not assignable to parameter of type '"agencies" | "profiles" | "modules_v2" | "agency_module_subscriptions" | "media_folders" | "sites" | "blog_categories" | "blog_posts" | "clients" | "subscriptions" | "assets" | ... 29 more ... | "ticket_messages"'.
  Overload 2 of 2, '(relation: never): PostgrestQueryBuilder<{ PostgrestVersion: "14.1"; }, { Tables: { activity_log: { Row: { action: string; agency_id: string; created_at: string | null; details: Json; id: string; ip_address: string | null; resource_id: string | null; resource_name: string | null; resource_type: string; user_id: string; }; Insert: { ...; }; Update: { ...; }; Relationships: [...]; }; ... 39 more ...; ticket_messages: { ...; }; }; Views: {}; Functions: { ...; }; Enums: {}; CompositeTypes: {}; }, never, never, never>', gave the following error.
    Argument of type '"site_modules"' is not assignable to parameter of type 'never'.
src/lib/modules/module-service.ts(95,16): error TS2339: Property 'id' does not exist on type '{ action: string; agency_id: string; created_at: string | null; details: Json; id: string; ip_address: string | null; resource_id: string | null; resource_name: string | null; resource_type: string; user_id: string; } | ... 39 more ... | { ...; }'.
  Property 'id' does not exist on type '{ category_id: string; post_id: string; }'.
src/lib/modules/module-service.ts(96,20): error TS2339: Property 'site_id' does not exist on type '{ action: string; agency_id: string; created_at: string | null; details: Json; id: string; ip_address: string | null; resource_id: string | null; resource_name: string | null; resource_type: string; user_id: string; } | ... 39 more ... | { ...; }'.
  Property 'site_id' does not exist on type '{ action: string; agency_id: string; created_at: string | null; details: Json; id: string; ip_address: string | null; resource_id: string | null; resource_name: string | null; resource_type: string; user_id: string; }'.
src/lib/modules/module-service.ts(97,22): error TS2339: Property 'module_id' does not exist on type '{ action: string; agency_id: string; created_at: string | null; details: Json; id: string; ip_address: string | null; resource_id: string | null; resource_name: string | null; resource_type: string; user_id: string; } | ... 39 more ... | { ...; }'.
  Property 'module_id' does not exist on type '{ action: string; agency_id: string; created_at: string | null; details: Json; id: string; ip_address: string | null; resource_id: string | null; resource_name: string | null; resource_type: string; user_id: string; }'.
src/lib/modules/module-service.ts(99,34): error TS2339: Property 'enabled_at' does not exist on type '{ action: string; agency_id: string; created_at: string | null; details: Json; id: string; ip_address: string | null; resource_id: string | null; resource_name: string | null; resource_type: string; user_id: string; } | ... 39 more ... | { ...; }'.
  Property 'enabled_at' does not exist on type '{ action: string; agency_id: string; created_at: string | null; details: Json; id: string; ip_address: string | null; resource_id: string | null; resource_name: string | null; resource_type: string; user_id: string; }'.
src/lib/modules/module-service.ts(100,36): error TS2339: Property 'enabled_at' does not exist on type '{ action: string; agency_id: string; created_at: string | null; details: Json; id: string; ip_address: string | null; resource_id: string | null; resource_name: string | null; resource_type: string; user_id: string; } | ... 39 more ... | { ...; }'.
  Property 'enabled_at' does not exist on type '{ action: string; agency_id: string; created_at: string | null; details: Json; id: string; ip_address: string | null; resource_id: string | null; resource_name: string | null; resource_type: string; user_id: string; }'.
src/lib/modules/module-service.ts(112,11): error TS2769: No overload matches this call.
  Overload 1 of 2, '(relation: "agencies" | "profiles" | "modules_v2" | "agency_module_subscriptions" | "media_folders" | "sites" | "blog_categories" | "blog_posts" | "clients" | "subscriptions" | "assets" | ... 29 more ... | "ticket_messages"): PostgrestQueryBuilder<...>', gave the following error.
    Argument of type '"site_modules"' is not assignable to parameter of type '"agencies" | "profiles" | "modules_v2" | "agency_module_subscriptions" | "media_folders" | "sites" | "blog_categories" | "blog_posts" | "clients" | "subscriptions" | "assets" | ... 29 more ... | "ticket_messages"'.
  Overload 2 of 2, '(relation: never): PostgrestQueryBuilder<{ PostgrestVersion: "14.1"; }, { Tables: { activity_log: { Row: { action: string; agency_id: string; created_at: string | null; details: Json; id: string; ip_address: string | null; resource_id: string | null; resource_name: string | null; resource_type: string; user_id: string; }; Insert: { ...; }; Update: { ...; }; Relationships: [...]; }; ... 39 more ...; ticket_messages: { ...; }; }; Views: {}; Functions: { ...; }; Enums: {}; CompositeTypes: {}; }, never, never, never>', gave the following error.
    Argument of type '"site_modules"' is not assignable to parameter of type 'never'.
src/lib/modules/module-service.ts(133,11): error TS2769: No overload matches this call.
  Overload 1 of 2, '(relation: "agencies" | "profiles" | "modules_v2" | "agency_module_subscriptions" | "media_folders" | "sites" | "blog_categories" | "blog_posts" | "clients" | "subscriptions" | "assets" | ... 29 more ... | "ticket_messages"): PostgrestQueryBuilder<...>', gave the following error.
    Argument of type '"site_modules"' is not assignable to parameter of type '"agencies" | "profiles" | "modules_v2" | "agency_module_subscriptions" | "media_folders" | "sites" | "blog_categories" | "blog_posts" | "clients" | "subscriptions" | "assets" | ... 29 more ... | "ticket_messages"'.
  Overload 2 of 2, '(relation: never): PostgrestQueryBuilder<{ PostgrestVersion: "14.1"; }, { Tables: { activity_log: { Row: { action: string; agency_id: string; created_at: string | null; details: Json; id: string; ip_address: string | null; resource_id: string | null; resource_name: string | null; resource_type: string; user_id: string; }; Insert: { ...; }; Update: { ...; }; Relationships: [...]; }; ... 39 more ...; ticket_messages: { ...; }; }; Views: {}; Functions: { ...; }; Enums: {}; CompositeTypes: {}; }, never, never, never>', gave the following error.
    Argument of type '"site_modules"' is not assignable to parameter of type 'never'.
src/lib/modules/module-service.ts(154,11): error TS2769: No overload matches this call.
  Overload 1 of 2, '(relation: "agencies" | "profiles" | "modules_v2" | "agency_module_subscriptions" | "media_folders" | "sites" | "blog_categories" | "blog_posts" | "clients" | "subscriptions" | "assets" | ... 29 more ... | "ticket_messages"): PostgrestQueryBuilder<...>', gave the following error.
    Argument of type '"site_modules"' is not assignable to parameter of type '"agencies" | "profiles" | "modules_v2" | "agency_module_subscriptions" | "media_folders" | "sites" | "blog_categories" | "blog_posts" | "clients" | "subscriptions" | "assets" | ... 29 more ... | "ticket_messages"'.
  Overload 2 of 2, '(relation: never): PostgrestQueryBuilder<{ PostgrestVersion: "14.1"; }, { Tables: { activity_log: { Row: { action: string; agency_id: string; created_at: string | null; details: Json; id: string; ip_address: string | null; resource_id: string | null; resource_name: string | null; resource_type: string; user_id: string; }; Insert: { ...; }; Update: { ...; }; Relationships: [...]; }; ... 39 more ...; ticket_messages: { ...; }; }; Views: {}; Functions: { ...; }; Enums: {}; CompositeTypes: {}; }, never, never, never>', gave the following error.
    Argument of type '"site_modules"' is not assignable to parameter of type 'never'.
src/lib/modules/module-service.ts(184,11): error TS2769: No overload matches this call.
  Overload 1 of 2, '(relation: "agencies" | "profiles" | "modules_v2" | "agency_module_subscriptions" | "media_folders" | "sites" | "blog_categories" | "blog_posts" | "clients" | "subscriptions" | "assets" | ... 29 more ... | "ticket_messages"): PostgrestQueryBuilder<...>', gave the following error.
    Argument of type '"site_modules"' is not assignable to parameter of type '"agencies" | "profiles" | "modules_v2" | "agency_module_subscriptions" | "media_folders" | "sites" | "blog_categories" | "blog_posts" | "clients" | "subscriptions" | "assets" | ... 29 more ... | "ticket_messages"'.
  Overload 2 of 2, '(relation: never): PostgrestQueryBuilder<{ PostgrestVersion: "14.1"; }, { Tables: { activity_log: { Row: { action: string; agency_id: string; created_at: string | null; details: Json; id: string; ip_address: string | null; resource_id: string | null; resource_name: string | null; resource_type: string; user_id: string; }; Insert: { ...; }; Update: { ...; }; Relationships: [...]; }; ... 39 more ...; ticket_messages: { ...; }; }; Views: {}; Functions: { ...; }; Enums: {}; CompositeTypes: {}; }, never, never, never>', gave the following error.
    Argument of type '"site_modules"' is not assignable to parameter of type 'never'.
src/lib/renderer/site-data.ts(128,7): error TS2322: Type 'boolean | null' is not assignable to type 'boolean'.
  Type 'null' is not assignable to type 'boolean'.
src/lib/renderer/site-data.ts(192,7): error TS2322: Type 'boolean | null' is not assignable to type 'boolean'.
  Type 'null' is not assignable to type 'boolean'.
src/lib/seo/seo-service.ts(736,3): error TS2322: Type '{ id: string; pageId: string | null; score: number | null; issues: unknown[]; recommendations: unknown[]; createdAt: string | null; }[]' is not assignable to type '{ id: string; pageId: string | null; score: number; issues: unknown[]; recommendations: unknown[]; createdAt: string; }[]'.
  Type '{ id: string; pageId: string | null; score: number | null; issues: unknown[]; recommendations: unknown[]; createdAt: string | null; }' is not assignable to type '{ id: string; pageId: string | null; score: number; issues: unknown[]; recommendations: unknown[]; createdAt: string; }'.
    Types of property 'score' are incompatible.
      Type 'number | null' is not assignable to type 'number'.
        Type 'null' is not assignable to type 'number'.
src/lib/seo/seo-service.ts(741,25): error TS2339: Property 'recommendations' does not exist on type '{ created_at: string | null; id: string; issues: Json; page_id: string | null; score: number | null; site_id: string; suggestions: Json; }'.
src/lib/sites/clone.ts(133,15): error TS2769: No overload matches this call.
  Overload 1 of 2, '(relation: "agencies" | "profiles" | "modules_v2" | "agency_module_subscriptions" | "media_folders" | "sites" | "blog_categories" | "blog_posts" | "clients" | "subscriptions" | "assets" | ... 29 more ... | "ticket_messages"): PostgrestQueryBuilder<...>', gave the following error.
    Argument of type '"site_modules"' is not assignable to parameter of type '"agencies" | "profiles" | "modules_v2" | "agency_module_subscriptions" | "media_folders" | "sites" | "blog_categories" | "blog_posts" | "clients" | "subscriptions" | "assets" | ... 29 more ... | "ticket_messages"'.
  Overload 2 of 2, '(relation: never): PostgrestQueryBuilder<{ PostgrestVersion: "14.1"; }, { Tables: { activity_log: { Row: { action: string; agency_id: string; created_at: string | null; details: Json; id: string; ip_address: string | null; resource_id: string | null; resource_name: string | null; resource_type: string; user_id: string; }; Insert: { ...; }; Update: { ...; }; Relationships: [...]; }; ... 39 more ...; ticket_messages: { ...; }; }; Views: {}; Functions: { ...; }; Enums: {}; CompositeTypes: {}; }, never, never, never>', gave the following error.
    Argument of type '"site_modules"' is not assignable to parameter of type 'never'.
src/lib/sites/clone.ts(140,19): error TS2769: No overload matches this call.
  Overload 1 of 2, '(relation: "agencies" | "profiles" | "modules_v2" | "agency_module_subscriptions" | "media_folders" | "sites" | "blog_categories" | "blog_posts" | "clients" | "subscriptions" | "assets" | ... 29 more ... | "ticket_messages"): PostgrestQueryBuilder<...>', gave the following error.
    Argument of type '"site_modules"' is not assignable to parameter of type '"agencies" | "profiles" | "modules_v2" | "agency_module_subscriptions" | "media_folders" | "sites" | "blog_categories" | "blog_posts" | "clients" | "subscriptions" | "assets" | ... 29 more ... | "ticket_messages"'.
  Overload 2 of 2, '(relation: never): PostgrestQueryBuilder<{ PostgrestVersion: "14.1"; }, { Tables: { activity_log: { Row: { action: string; agency_id: string; created_at: string | null; details: Json; id: string; ip_address: string | null; resource_id: string | null; resource_name: string | null; resource_type: string; user_id: string; }; Insert: { ...; }; Update: { ...; }; Relationships: [...]; }; ... 39 more ...; ticket_messages: { ...; }; }; Views: {}; Functions: { ...; }; Enums: {}; CompositeTypes: {}; }, never, never, never>', gave the following error.
    Argument of type '"site_modules"' is not assignable to parameter of type 'never'.
src/lib/sites/clone.ts(143,30): error TS2339: Property 'module_id' does not exist on type '{ action: string; agency_id: string; created_at: string | null; details: Json; id: string; ip_address: string | null; resource_id: string | null; resource_name: string | null; resource_type: string; user_id: string; } | ... 39 more ... | { ...; }'.
  Property 'module_id' does not exist on type '{ action: string; agency_id: string; created_at: string | null; details: Json; id: string; ip_address: string | null; resource_id: string | null; resource_name: string | null; resource_type: string; user_id: string; }'.
src/lib/sites/clone.ts(144,29): error TS2339: Property 'settings' does not exist on type '{ action: string; agency_id: string; created_at: string | null; details: Json; id: string; ip_address: string | null; resource_id: string | null; resource_name: string | null; resource_type: string; user_id: string; } | ... 39 more ... | { ...; }'.
  Property 'settings' does not exist on type '{ action: string; agency_id: string; created_at: string | null; details: Json; id: string; ip_address: string | null; resource_id: string | null; resource_name: string | null; resource_type: string; user_id: string; }'.
src/lib/sites/clone.ts(145,31): error TS2339: Property 'is_enabled' does not exist on type '{ action: string; agency_id: string; created_at: string | null; details: Json; id: string; ip_address: string | null; resource_id: string | null; resource_name: string | null; resource_type: string; user_id: string; } | ... 39 more ... | { ...; }'.
  Property 'is_enabled' does not exist on type '{ action: string; agency_id: string; created_at: string | null; details: Json; id: string; ip_address: string | null; resource_id: string | null; resource_name: string | null; resource_type: string; user_id: string; }'.
src/lib/sites/export.ts(109,13): error TS2769: No overload matches this call.
  Overload 1 of 2, '(relation: "agencies" | "profiles" | "modules_v2" | "agency_module_subscriptions" | "media_folders" | "sites" | "blog_categories" | "blog_posts" | "clients" | "subscriptions" | "assets" | ... 29 more ... | "ticket_messages"): PostgrestQueryBuilder<...>', gave the following error.
    Argument of type '"site_modules"' is not assignable to parameter of type '"agencies" | "profiles" | "modules_v2" | "agency_module_subscriptions" | "media_folders" | "sites" | "blog_categories" | "blog_posts" | "clients" | "subscriptions" | "assets" | ... 29 more ... | "ticket_messages"'.
  Overload 2 of 2, '(relation: never): PostgrestQueryBuilder<{ PostgrestVersion: "14.1"; }, { Tables: { activity_log: { Row: { action: string; agency_id: string; created_at: string | null; details: Json; id: string; ip_address: string | null; resource_id: string | null; resource_name: string | null; resource_type: string; user_id: string; }; Insert: { ...; }; Update: { ...; }; Relationships: [...]; }; ... 39 more ...; ticket_messages: { ...; }; }; Views: {}; Functions: { ...; }; Enums: {}; CompositeTypes: {}; }, never, never, never>', gave the following error.
    Argument of type '"site_modules"' is not assignable to parameter of type 'never'.
src/lib/sites/export.ts(134,7): error TS2322: Type '{ slug: string; name: string; content: string | number | true | { [key: string]: Json | undefined; } | Json[]; seoTitle: string | null; seoDescription: string | null; seoImage: string | null; isHomepage: boolean | null; sortOrder: number | null; }[]' is not assignable to type '{ slug: string; name: string; content: unknown; seoTitle: string | null; seoDescription: string | null; seoImage: string | null; isHomepage: boolean; sortOrder: number; }[]'.
  Type '{ slug: string; name: string; content: string | number | true | { [key: string]: Json | undefined; } | Json[]; seoTitle: string | null; seoDescription: string | null; seoImage: string | null; isHomepage: boolean | null; sortOrder: number | null; }' is not assignable to type '{ slug: string; name: string; content: unknown; seoTitle: string | null; seoDescription: string | null; seoImage: string | null; isHomepage: boolean; sortOrder: number; }'.
    Types of property 'isHomepage' are incompatible.
      Type 'boolean | null' is not assignable to type 'boolean'.
        Type 'null' is not assignable to type 'boolean'.
src/lib/sites/export.ts(136,25): error TS2339: Property 'module' does not exist on type 'SelectQueryError<"column 'settings' does not exist on 'agencies'."> | SelectQueryError<"column 'settings' does not exist on 'profiles'."> | ... 38 more ... | SelectQueryError<...>'.
  Property 'module' does not exist on type 'SelectQueryError<"column 'settings' does not exist on 'agencies'.">'.
src/lib/sites/export.ts(137,23): error TS2339: Property 'settings' does not exist on type 'SelectQueryError<"column 'settings' does not exist on 'agencies'."> | SelectQueryError<"column 'settings' does not exist on 'profiles'."> | ... 38 more ... | SelectQueryError<...>'.
  Property 'settings' does not exist on type 'SelectQueryError<"column 'settings' does not exist on 'agencies'.">'.
src/lib/sites/export.ts(138,23): error TS2339: Property 'is_enabled' does not exist on type 'SelectQueryError<"column 'settings' does not exist on 'agencies'."> | SelectQueryError<"column 'settings' does not exist on 'profiles'."> | ... 38 more ... | SelectQueryError<...>'.
  Property 'is_enabled' does not exist on type 'SelectQueryError<"column 'settings' does not exist on 'agencies'.">'.
src/lib/sites/export.ts(142,50): error TS2339: Property 'is_enabled' does not exist on type 'SelectQueryError<"column 'settings' does not exist on 'agencies'."> | SelectQueryError<"column 'settings' does not exist on 'profiles'."> | ... 38 more ... | SelectQueryError<...>'.
  Property 'is_enabled' does not exist on type 'SelectQueryError<"column 'settings' does not exist on 'agencies'.">'.
src/lib/sites/import.ts(206,17): error TS2769: No overload matches this call.
  Overload 1 of 2, '(relation: "agencies" | "profiles" | "modules_v2" | "agency_module_subscriptions" | "media_folders" | "sites" | "blog_categories" | "blog_posts" | "clients" | "subscriptions" | "assets" | ... 29 more ... | "ticket_messages"): PostgrestQueryBuilder<...>', gave the following error.
    Argument of type '"modules"' is not assignable to parameter of type '"agencies" | "profiles" | "modules_v2" | "agency_module_subscriptions" | "media_folders" | "sites" | "blog_categories" | "blog_posts" | "clients" | "subscriptions" | "assets" | ... 29 more ... | "ticket_messages"'.
  Overload 2 of 2, '(relation: never): PostgrestQueryBuilder<{ PostgrestVersion: "14.1"; }, { Tables: { activity_log: { Row: { action: string; agency_id: string; created_at: string | null; details: Json; id: string; ip_address: string | null; resource_id: string | null; resource_name: string | null; resource_type: string; user_id: string; }; Insert: { ...; }; Update: { ...; }; Relationships: [...]; }; ... 39 more ...; ticket_messages: { ...; }; }; Views: {}; Functions: { ...; }; Enums: {}; CompositeTypes: {}; }, never, never, never>', gave the following error.
    Argument of type '"modules"' is not assignable to parameter of type 'never'.
src/lib/sites/import.ts(215,17): error TS2769: No overload matches this call.
  Overload 1 of 2, '(relation: "agencies" | "profiles" | "modules_v2" | "agency_module_subscriptions" | "media_folders" | "sites" | "blog_categories" | "blog_posts" | "clients" | "subscriptions" | "assets" | ... 29 more ... | "ticket_messages"): PostgrestQueryBuilder<...>', gave the following error.
    Argument of type '"site_modules"' is not assignable to parameter of type '"agencies" | "profiles" | "modules_v2" | "agency_module_subscriptions" | "media_folders" | "sites" | "blog_categories" | "blog_posts" | "clients" | "subscriptions" | "assets" | ... 29 more ... | "ticket_messages"'.
  Overload 2 of 2, '(relation: never): PostgrestQueryBuilder<{ PostgrestVersion: "14.1"; }, { Tables: { activity_log: { Row: { action: string; agency_id: string; created_at: string | null; details: Json; id: string; ip_address: string | null; resource_id: string | null; resource_name: string | null; resource_type: string; user_id: string; }; Insert: { ...; }; Update: { ...; }; Relationships: [...]; }; ... 39 more ...; ticket_messages: { ...; }; }; Views: {}; Functions: { ...; }; Enums: {}; CompositeTypes: {}; }, never, never, never>', gave the following error.
    Argument of type '"site_modules"' is not assignable to parameter of type 'never'.
src/lib/sites/import.ts(218,31): error TS2339: Property 'id' does not exist on type 'SelectQueryError<"column 'id' does not exist on 'agencies'."> | SelectQueryError<"column 'id' does not exist on 'profiles'."> | ... 38 more ... | SelectQueryError<...>'.
  Property 'id' does not exist on type 'SelectQueryError<"column 'id' does not exist on 'agencies'.">'.
src/lib/stripe/customers.ts(16,11): error TS2769: No overload matches this call.
  Overload 1 of 2, '(relation: "agencies" | "profiles" | "modules_v2" | "agency_module_subscriptions" | "media_folders" | "sites" | "blog_categories" | "blog_posts" | "clients" | "subscriptions" | "assets" | ... 29 more ... | "ticket_messages"): PostgrestQueryBuilder<...>', gave the following error.
    Argument of type '"billing_customers"' is not assignable to parameter of type '"agencies" | "profiles" | "modules_v2" | "agency_module_subscriptions" | "media_folders" | "sites" | "blog_categories" | "blog_posts" | "clients" | "subscriptions" | "assets" | ... 29 more ... | "ticket_messages"'.
  Overload 2 of 2, '(relation: never): PostgrestQueryBuilder<{ PostgrestVersion: "14.1"; }, { Tables: { activity_log: { Row: { action: string; agency_id: string; created_at: string | null; details: Json; id: string; ip_address: string | null; resource_id: string | null; resource_name: string | null; resource_type: string; user_id: string; }; Insert: { ...; }; Update: { ...; }; Relationships: [...]; }; ... 39 more ...; ticket_messages: { ...; }; }; Views: {}; Functions: { ...; }; Enums: {}; CompositeTypes: {}; }, never, never, never>', gave the following error.
    Argument of type '"billing_customers"' is not assignable to parameter of type 'never'.
src/lib/stripe/customers.ts(21,17): error TS2339: Property 'stripe_customer_id' does not exist on type 'SelectQueryError<"column 'stripe_customer_id' does not exist on 'agencies'."> | SelectQueryError<"column 'stripe_customer_id' does not exist on 'profiles'."> | ... 38 more ... | SelectQueryError<...>'.
  Property 'stripe_customer_id' does not exist on type 'SelectQueryError<"column 'stripe_customer_id' does not exist on 'agencies'.">'.
src/lib/stripe/customers.ts(23,63): error TS2339: Property 'stripe_customer_id' does not exist on type 'SelectQueryError<"column 'stripe_customer_id' does not exist on 'agencies'."> | SelectQueryError<"column 'stripe_customer_id' does not exist on 'profiles'."> | ... 38 more ... | SelectQueryError<...>'.
  Property 'stripe_customer_id' does not exist on type 'SelectQueryError<"column 'stripe_customer_id' does not exist on 'agencies'.">'.
src/lib/stripe/customers.ts(37,23): error TS2769: No overload matches this call.
  Overload 1 of 2, '(relation: "agencies" | "profiles" | "modules_v2" | "agency_module_subscriptions" | "media_folders" | "sites" | "blog_categories" | "blog_posts" | "clients" | "subscriptions" | "assets" | ... 29 more ... | "ticket_messages"): PostgrestQueryBuilder<...>', gave the following error.
    Argument of type '"billing_customers"' is not assignable to parameter of type '"agencies" | "profiles" | "modules_v2" | "agency_module_subscriptions" | "media_folders" | "sites" | "blog_categories" | "blog_posts" | "clients" | "subscriptions" | "assets" | ... 29 more ... | "ticket_messages"'.
  Overload 2 of 2, '(relation: never): PostgrestQueryBuilder<{ PostgrestVersion: "14.1"; }, { Tables: { activity_log: { Row: { action: string; agency_id: string; created_at: string | null; details: Json; id: string; ip_address: string | null; resource_id: string | null; resource_name: string | null; resource_type: string; user_id: string; }; Insert: { ...; }; Update: { ...; }; Relationships: [...]; }; ... 39 more ...; ticket_messages: { ...; }; }; Views: {}; Functions: { ...; }; Enums: {}; CompositeTypes: {}; }, never, never, never>', gave the following error.
    Argument of type '"billing_customers"' is not assignable to parameter of type 'never'.
src/lib/stripe/customers.ts(51,11): error TS2769: No overload matches this call.
  Overload 1 of 2, '(relation: "agencies" | "profiles" | "modules_v2" | "agency_module_subscriptions" | "media_folders" | "sites" | "blog_categories" | "blog_posts" | "clients" | "subscriptions" | "assets" | ... 29 more ... | "ticket_messages"): PostgrestQueryBuilder<...>', gave the following error.
    Argument of type '"billing_customers"' is not assignable to parameter of type '"agencies" | "profiles" | "modules_v2" | "agency_module_subscriptions" | "media_folders" | "sites" | "blog_categories" | "blog_posts" | "clients" | "subscriptions" | "assets" | ... 29 more ... | "ticket_messages"'.
  Overload 2 of 2, '(relation: never): PostgrestQueryBuilder<{ PostgrestVersion: "14.1"; }, { Tables: { activity_log: { Row: { action: string; agency_id: string; created_at: string | null; details: Json; id: string; ip_address: string | null; resource_id: string | null; resource_name: string | null; resource_type: string; user_id: string; }; Insert: { ...; }; Update: { ...; }; Relationships: [...]; }; ... 39 more ...; ticket_messages: { ...; }; }; Views: {}; Functions: { ...; }; Enums: {}; CompositeTypes: {}; }, never, never, never>', gave the following error.
    Argument of type '"billing_customers"' is not assignable to parameter of type 'never'.
src/lib/stripe/customers.ts(56,14): error TS2339: Property 'stripe_customer_id' does not exist on type 'SelectQueryError<"column 'stripe_customer_id' does not exist on 'agencies'."> | SelectQueryError<"column 'stripe_customer_id' does not exist on 'profiles'."> | ... 38 more ... | SelectQueryError<...>'.
  Property 'stripe_customer_id' does not exist on type 'SelectQueryError<"column 'stripe_customer_id' does not exist on 'agencies'.">'.
src/lib/stripe/customers.ts(58,41): error TS2339: Property 'stripe_customer_id' does not exist on type 'SelectQueryError<"column 'stripe_customer_id' does not exist on 'agencies'."> | SelectQueryError<"column 'stripe_customer_id' does not exist on 'profiles'."> | ... 38 more ... | SelectQueryError<...>'.
  Property 'stripe_customer_id' does not exist on type 'SelectQueryError<"column 'stripe_customer_id' does not exist on 'agencies'.">'.
src/lib/stripe/module-pricing.ts(17,11): error TS2769: No overload matches this call.
  Overload 1 of 2, '(relation: "agencies" | "profiles" | "modules_v2" | "agency_module_subscriptions" | "media_folders" | "sites" | "blog_categories" | "blog_posts" | "clients" | "subscriptions" | "assets" | ... 29 more ... | "ticket_messages"): PostgrestQueryBuilder<...>', gave the following error.
    Argument of type '"modules"' is not assignable to parameter of type '"agencies" | "profiles" | "modules_v2" | "agency_module_subscriptions" | "media_folders" | "sites" | "blog_categories" | "blog_posts" | "clients" | "subscriptions" | "assets" | ... 29 more ... | "ticket_messages"'.
  Overload 2 of 2, '(relation: never): PostgrestQueryBuilder<{ PostgrestVersion: "14.1"; }, { Tables: { activity_log: { Row: { action: string; agency_id: string; created_at: string | null; details: Json; id: string; ip_address: string | null; resource_id: string | null; resource_name: string | null; resource_type: string; user_id: string; }; Insert: { ...; }; Update: { ...; }; Relationships: [...]; }; ... 39 more ...; ticket_messages: { ...; }; }; Views: {}; Functions: { ...; }; Enums: {}; CompositeTypes: {}; }, never, never, never>', gave the following error.
    Argument of type '"modules"' is not assignable to parameter of type 'never'.
src/lib/stripe/module-pricing.ts(25,22): error TS2339: Property 'id' does not exist on type 'SelectQueryError<"column 'id' does not exist on 'agencies'."> | SelectQueryError<"column 'id' does not exist on 'profiles'."> | ... 38 more ... | SelectQueryError<...>'.
  Property 'id' does not exist on type 'SelectQueryError<"column 'id' does not exist on 'agencies'.">'.
src/lib/stripe/module-pricing.ts(26,27): error TS2339: Property 'stripe_price_monthly' does not exist on type 'SelectQueryError<"column 'id' does not exist on 'agencies'."> | SelectQueryError<"column 'id' does not exist on 'profiles'."> | ... 38 more ... | SelectQueryError<...>'.
  Property 'stripe_price_monthly' does not exist on type 'SelectQueryError<"column 'id' does not exist on 'agencies'.">'.
src/lib/stripe/module-pricing.ts(27,26): error TS2339: Property 'price_monthly' does not exist on type 'SelectQueryError<"column 'id' does not exist on 'agencies'."> | SelectQueryError<"column 'id' does not exist on 'profiles'."> | ... 38 more ... | SelectQueryError<...>'.
  Property 'price_monthly' does not exist on type 'SelectQueryError<"column 'id' does not exist on 'agencies'.">'.
src/lib/stripe/module-pricing.ts(28,25): error TS2339: Property 'price_yearly' does not exist on type 'SelectQueryError<"column 'id' does not exist on 'agencies'."> | SelectQueryError<"column 'id' does not exist on 'profiles'."> | ... 38 more ... | SelectQueryError<...>'.
  Property 'price_yearly' does not exist on type 'SelectQueryError<"column 'id' does not exist on 'agencies'.">'.
src/lib/stripe/module-pricing.ts(83,11): error TS2769: No overload matches this call.
  Overload 1 of 2, '(relation: "agencies" | "profiles" | "modules_v2" | "agency_module_subscriptions" | "media_folders" | "sites" | "blog_categories" | "blog_posts" | "clients" | "subscriptions" | "assets" | ... 29 more ... | "ticket_messages"): PostgrestQueryBuilder<...>', gave the following error.
    Argument of type '"modules"' is not assignable to parameter of type '"agencies" | "profiles" | "modules_v2" | "agency_module_subscriptions" | "media_folders" | "sites" | "blog_categories" | "blog_posts" | "clients" | "subscriptions" | "assets" | ... 29 more ... | "ticket_messages"'.
  Overload 2 of 2, '(relation: never): PostgrestQueryBuilder<{ PostgrestVersion: "14.1"; }, { Tables: { activity_log: { Row: { action: string; agency_id: string; created_at: string | null; details: Json; id: string; ip_address: string | null; resource_id: string | null; resource_name: string | null; resource_type: string; user_id: string; }; Insert: { ...; }; Update: { ...; }; Relationships: [...]; }; ... 39 more ...; ticket_messages: { ...; }; }; Views: {}; Functions: { ...; }; Enums: {}; CompositeTypes: {}; }, never, never, never>', gave the following error.
    Argument of type '"modules"' is not assignable to parameter of type 'never'.
src/lib/stripe/module-subscriptions.ts(19,11): error TS2769: No overload matches this call.
  Overload 1 of 2, '(relation: "agencies" | "profiles" | "modules_v2" | "agency_module_subscriptions" | "media_folders" | "sites" | "blog_categories" | "blog_posts" | "clients" | "subscriptions" | "assets" | ... 29 more ... | "ticket_messages"): PostgrestQueryBuilder<...>', gave the following error.
    Argument of type '"modules"' is not assignable to parameter of type '"agencies" | "profiles" | "modules_v2" | "agency_module_subscriptions" | "media_folders" | "sites" | "blog_categories" | "blog_posts" | "clients" | "subscriptions" | "assets" | ... 29 more ... | "ticket_messages"'.
  Overload 2 of 2, '(relation: never): PostgrestQueryBuilder<{ PostgrestVersion: "14.1"; }, { Tables: { activity_log: { Row: { action: string; agency_id: string; created_at: string | null; details: Json; id: string; ip_address: string | null; resource_id: string | null; resource_name: string | null; resource_type: string; user_id: string; }; Insert: { ...; }; Update: { ...; }; Relationships: [...]; }; ... 39 more ...; ticket_messages: { ...; }; }; Views: {}; Functions: { ...; }; Enums: {}; CompositeTypes: {}; }, never, never, never>', gave the following error.
    Argument of type '"modules"' is not assignable to parameter of type 'never'.
src/lib/stripe/module-subscriptions.ts(29,14): error TS2339: Property 'stripe_price_yearly' does not exist on type 'SelectQueryError<"column 'stripe_price_monthly' does not exist on 'agencies'."> | SelectQueryError<"column 'stripe_price_monthly' does not exist on 'profiles'."> | ... 38 more ... | SelectQueryError<...>'.
  Property 'stripe_price_yearly' does not exist on type 'SelectQueryError<"column 'stripe_price_monthly' does not exist on 'agencies'.">'.
src/lib/stripe/module-subscriptions.ts(30,14): error TS2339: Property 'stripe_price_monthly' does not exist on type 'SelectQueryError<"column 'stripe_price_monthly' does not exist on 'agencies'."> | SelectQueryError<"column 'stripe_price_monthly' does not exist on 'profiles'."> | ... 38 more ... | SelectQueryError<...>'.
  Property 'stripe_price_monthly' does not exist on type 'SelectQueryError<"column 'stripe_price_monthly' does not exist on 'agencies'.">'.
src/lib/stripe/module-subscriptions.ts(41,11): error TS2769: No overload matches this call.
  Overload 1 of 2, '(relation: "agencies" | "profiles" | "modules_v2" | "agency_module_subscriptions" | "media_folders" | "sites" | "blog_categories" | "blog_posts" | "clients" | "subscriptions" | "assets" | ... 29 more ... | "ticket_messages"): PostgrestQueryBuilder<...>', gave the following error.
    Argument of type '"module_subscriptions"' is not assignable to parameter of type '"agencies" | "profiles" | "modules_v2" | "agency_module_subscriptions" | "media_folders" | "sites" | "blog_categories" | "blog_posts" | "clients" | "subscriptions" | "assets" | ... 29 more ... | "ticket_messages"'.
  Overload 2 of 2, '(relation: never): PostgrestQueryBuilder<{ PostgrestVersion: "14.1"; }, { Tables: { activity_log: { Row: { action: string; agency_id: string; created_at: string | null; details: Json; id: string; ip_address: string | null; resource_id: string | null; resource_name: string | null; resource_type: string; user_id: string; }; Insert: { ...; }; Update: { ...; }; Relationships: [...]; }; ... 39 more ...; ticket_messages: { ...; }; }; Views: {}; Functions: { ...; }; Enums: {}; CompositeTypes: {}; }, never, never, never>', gave the following error.
    Argument of type '"module_subscriptions"' is not assignable to parameter of type 'never'.
src/lib/stripe/module-subscriptions.ts(47,17): error TS2339: Property 'stripe_subscription_id' does not exist on type 'SelectQueryError<"column 'stripe_subscription_id' does not exist on 'agencies'."> | SelectQueryError<"column 'stripe_subscription_id' does not exist on 'profiles'."> | ... 38 more ... | SelectQueryError<...>'.
  Property 'stripe_subscription_id' does not exist on type 'SelectQueryError<"column 'stripe_subscription_id' does not exist on 'agencies'.">'.
src/lib/stripe/module-subscriptions.ts(64,23): error TS2769: No overload matches this call.
  Overload 1 of 2, '(relation: "agencies" | "profiles" | "modules_v2" | "agency_module_subscriptions" | "media_folders" | "sites" | "blog_categories" | "blog_posts" | "clients" | "subscriptions" | "assets" | ... 29 more ... | "ticket_messages"): PostgrestQueryBuilder<...>', gave the following error.
    Argument of type '"module_subscriptions"' is not assignable to parameter of type '"agencies" | "profiles" | "modules_v2" | "agency_module_subscriptions" | "media_folders" | "sites" | "blog_categories" | "blog_posts" | "clients" | "subscriptions" | "assets" | ... 29 more ... | "ticket_messages"'.
  Overload 2 of 2, '(relation: never): PostgrestQueryBuilder<{ PostgrestVersion: "14.1"; }, { Tables: { activity_log: { Row: { action: string; agency_id: string; created_at: string | null; details: Json; id: string; ip_address: string | null; resource_id: string | null; resource_name: string | null; resource_type: string; user_id: string; }; Insert: { ...; }; Update: { ...; }; Relationships: [...]; }; ... 39 more ...; ticket_messages: { ...; }; }; Views: {}; Functions: { ...; }; Enums: {}; CompositeTypes: {}; }, never, never, never>', gave the following error.
    Argument of type '"module_subscriptions"' is not assignable to parameter of type 'never'.
src/lib/stripe/module-subscriptions.ts(80,11): error TS2769: No overload matches this call.
  Overload 1 of 2, '(relation: "agencies" | "profiles" | "modules_v2" | "agency_module_subscriptions" | "media_folders" | "sites" | "blog_categories" | "blog_posts" | "clients" | "subscriptions" | "assets" | ... 29 more ... | "ticket_messages"): PostgrestQueryBuilder<...>', gave the following error.
    Argument of type '"module_subscriptions"' is not assignable to parameter of type '"agencies" | "profiles" | "modules_v2" | "agency_module_subscriptions" | "media_folders" | "sites" | "blog_categories" | "blog_posts" | "clients" | "subscriptions" | "assets" | ... 29 more ... | "ticket_messages"'.
  Overload 2 of 2, '(relation: never): PostgrestQueryBuilder<{ PostgrestVersion: "14.1"; }, { Tables: { activity_log: { Row: { action: string; agency_id: string; created_at: string | null; details: Json; id: string; ip_address: string | null; resource_id: string | null; resource_name: string | null; resource_type: string; user_id: string; }; Insert: { ...; }; Update: { ...; }; Relationships: [...]; }; ... 39 more ...; ticket_messages: { ...; }; }; Views: {}; Functions: { ...; }; Enums: {}; CompositeTypes: {}; }, never, never, never>', gave the following error.
    Argument of type '"module_subscriptions"' is not assignable to parameter of type 'never'.
src/lib/stripe/module-subscriptions.ts(86,13): error TS2339: Property 'stripe_subscription_id' does not exist on type 'SelectQueryError<"column 'stripe_subscription_id' does not exist on 'agencies'."> | SelectQueryError<"column 'stripe_subscription_id' does not exist on 'profiles'."> | ... 38 more ... | SelectQueryError<...>'.
  Property 'stripe_subscription_id' does not exist on type 'SelectQueryError<"column 'stripe_subscription_id' does not exist on 'agencies'.">'.
src/lib/stripe/module-subscriptions.ts(91,41): error TS2339: Property 'stripe_subscription_id' does not exist on type 'SelectQueryError<"column 'stripe_subscription_id' does not exist on 'agencies'."> | SelectQueryError<"column 'stripe_subscription_id' does not exist on 'profiles'."> | ... 38 more ... | SelectQueryError<...>'.
  Property 'stripe_subscription_id' does not exist on type 'SelectQueryError<"column 'stripe_subscription_id' does not exist on 'agencies'.">'.
src/lib/stripe/module-subscriptions.ts(96,11): error TS2769: No overload matches this call.
  Overload 1 of 2, '(relation: "agencies" | "profiles" | "modules_v2" | "agency_module_subscriptions" | "media_folders" | "sites" | "blog_categories" | "blog_posts" | "clients" | "subscriptions" | "assets" | ... 29 more ... | "ticket_messages"): PostgrestQueryBuilder<...>', gave the following error.
    Argument of type '"module_subscriptions"' is not assignable to parameter of type '"agencies" | "profiles" | "modules_v2" | "agency_module_subscriptions" | "media_folders" | "sites" | "blog_categories" | "blog_posts" | "clients" | "subscriptions" | "assets" | ... 29 more ... | "ticket_messages"'.
  Overload 2 of 2, '(relation: never): PostgrestQueryBuilder<{ PostgrestVersion: "14.1"; }, { Tables: { activity_log: { Row: { action: string; agency_id: string; created_at: string | null; details: Json; id: string; ip_address: string | null; resource_id: string | null; resource_name: string | null; resource_type: string; user_id: string; }; Insert: { ...; }; Update: { ...; }; Relationships: [...]; }; ... 39 more ...; ticket_messages: { ...; }; }; Views: {}; Functions: { ...; }; Enums: {}; CompositeTypes: {}; }, never, never, never>', gave the following error.
    Argument of type '"module_subscriptions"' is not assignable to parameter of type 'never'.
src/lib/stripe/module-subscriptions.ts(98,39): error TS2339: Property 'stripe_subscription_id' does not exist on type 'SelectQueryError<"column 'stripe_subscription_id' does not exist on 'agencies'."> | SelectQueryError<"column 'stripe_subscription_id' does not exist on 'profiles'."> | ... 38 more ... | SelectQueryError<...>'.
  Property 'stripe_subscription_id' does not exist on type 'SelectQueryError<"column 'stripe_subscription_id' does not exist on 'agencies'.">'.
src/lib/stripe/module-subscriptions.ts(104,26): error TS2589: Type instantiation is excessively deep and possibly infinite.
src/lib/stripe/module-subscriptions.ts(105,11): error TS2769: No overload matches this call.
  Overload 1 of 2, '(relation: "agencies" | "profiles" | "modules_v2" | "agency_module_subscriptions" | "media_folders" | "sites" | "blog_categories" | "blog_posts" | "clients" | "subscriptions" | "assets" | ... 29 more ... | "ticket_messages"): PostgrestQueryBuilder<...>', gave the following error.
    Argument of type '"module_subscriptions"' is not assignable to parameter of type '"agencies" | "profiles" | "modules_v2" | "agency_module_subscriptions" | "media_folders" | "sites" | "blog_categories" | "blog_posts" | "clients" | "subscriptions" | "assets" | ... 29 more ... | "ticket_messages"'.
  Overload 2 of 2, '(relation: never): PostgrestQueryBuilder<{ PostgrestVersion: "14.1"; }, { Tables: { activity_log: { Row: { action: string; agency_id: string; created_at: string | null; details: Json; id: string; ip_address: string | null; resource_id: string | null; resource_name: string | null; resource_type: string; user_id: string; }; Insert: { ...; }; Update: { ...; }; Relationships: [...]; }; ... 39 more ...; ticket_messages: { ...; }; }; Views: {}; Functions: { ...; }; Enums: {}; CompositeTypes: {}; }, never, never, never>', gave the following error.
    Argument of type '"module_subscriptions"' is not assignable to parameter of type 'never'.
src/lib/stripe/module-webhooks.ts(13,23): error TS2769: No overload matches this call.
  Overload 1 of 2, '(relation: "agencies" | "profiles" | "modules_v2" | "agency_module_subscriptions" | "media_folders" | "sites" | "blog_categories" | "blog_posts" | "clients" | "subscriptions" | "assets" | ... 29 more ... | "ticket_messages"): PostgrestQueryBuilder<...>', gave the following error.
    Argument of type '"module_subscriptions"' is not assignable to parameter of type '"agencies" | "profiles" | "modules_v2" | "agency_module_subscriptions" | "media_folders" | "sites" | "blog_categories" | "blog_posts" | "clients" | "subscriptions" | "assets" | ... 29 more ... | "ticket_messages"'.
  Overload 2 of 2, '(relation: never): PostgrestQueryBuilder<{ PostgrestVersion: "14.1"; }, { Tables: { activity_log: { Row: { action: string; agency_id: string; created_at: string | null; details: Json; id: string; ip_address: string | null; resource_id: string | null; resource_name: string | null; resource_type: string; user_id: string; }; Insert: { ...; }; Update: { ...; }; Relationships: [...]; }; ... 39 more ...; ticket_messages: { ...; }; }; Views: {}; Functions: { ...; }; Enums: {}; CompositeTypes: {}; }, never, never, never>', gave the following error.
    Argument of type '"module_subscriptions"' is not assignable to parameter of type 'never'.
src/lib/stripe/module-webhooks.ts(32,13): error TS2769: No overload matches this call.
  Overload 1 of 2, '(relation: "agencies" | "profiles" | "modules_v2" | "agency_module_subscriptions" | "media_folders" | "sites" | "blog_categories" | "blog_posts" | "clients" | "subscriptions" | "assets" | ... 29 more ... | "ticket_messages"): PostgrestQueryBuilder<...>', gave the following error.
    Argument of type '"agency_modules"' is not assignable to parameter of type '"agencies" | "profiles" | "modules_v2" | "agency_module_subscriptions" | "media_folders" | "sites" | "blog_categories" | "blog_posts" | "clients" | "subscriptions" | "assets" | ... 29 more ... | "ticket_messages"'.
  Overload 2 of 2, '(relation: never): PostgrestQueryBuilder<{ PostgrestVersion: "14.1"; }, { Tables: { activity_log: { Row: { action: string; agency_id: string; created_at: string | null; details: Json; id: string; ip_address: string | null; resource_id: string | null; resource_name: string | null; resource_type: string; user_id: string; }; Insert: { ...; }; Update: { ...; }; Relationships: [...]; }; ... 39 more ...; ticket_messages: { ...; }; }; Views: {}; Functions: { ...; }; Enums: {}; CompositeTypes: {}; }, never, never, never>', gave the following error.
    Argument of type '"agency_modules"' is not assignable to parameter of type 'never'.
src/lib/stripe/module-webhooks.ts(39,27): error TS2769: No overload matches this call.
  Overload 1 of 2, '(relation: "agencies" | "profiles" | "modules_v2" | "agency_module_subscriptions" | "media_folders" | "sites" | "blog_categories" | "blog_posts" | "clients" | "subscriptions" | "assets" | ... 29 more ... | "ticket_messages"): PostgrestQueryBuilder<...>', gave the following error.
    Argument of type '"agency_modules"' is not assignable to parameter of type '"agencies" | "profiles" | "modules_v2" | "agency_module_subscriptions" | "media_folders" | "sites" | "blog_categories" | "blog_posts" | "clients" | "subscriptions" | "assets" | ... 29 more ... | "ticket_messages"'.
  Overload 2 of 2, '(relation: never): PostgrestQueryBuilder<{ PostgrestVersion: "14.1"; }, { Tables: { activity_log: { Row: { action: string; agency_id: string; created_at: string | null; details: Json; id: string; ip_address: string | null; resource_id: string | null; resource_name: string | null; resource_type: string; user_id: string; }; Insert: { ...; }; Update: { ...; }; Relationships: [...]; }; ... 39 more ...; ticket_messages: { ...; }; }; Views: {}; Functions: { ...; }; Enums: {}; CompositeTypes: {}; }, never, never, never>', gave the following error.
    Argument of type '"agency_modules"' is not assignable to parameter of type 'never'.
src/lib/stripe/module-webhooks.ts(59,11): error TS2769: No overload matches this call.
  Overload 1 of 2, '(relation: "agencies" | "profiles" | "modules_v2" | "agency_module_subscriptions" | "media_folders" | "sites" | "blog_categories" | "blog_posts" | "clients" | "subscriptions" | "assets" | ... 29 more ... | "ticket_messages"): PostgrestQueryBuilder<...>', gave the following error.
    Argument of type '"module_subscriptions"' is not assignable to parameter of type '"agencies" | "profiles" | "modules_v2" | "agency_module_subscriptions" | "media_folders" | "sites" | "blog_categories" | "blog_posts" | "clients" | "subscriptions" | "assets" | ... 29 more ... | "ticket_messages"'.
  Overload 2 of 2, '(relation: never): PostgrestQueryBuilder<{ PostgrestVersion: "14.1"; }, { Tables: { activity_log: { Row: { action: string; agency_id: string; created_at: string | null; details: Json; id: string; ip_address: string | null; resource_id: string | null; resource_name: string | null; resource_type: string; user_id: string; }; Insert: { ...; }; Update: { ...; }; Relationships: [...]; }; ... 39 more ...; ticket_messages: { ...; }; }; Views: {}; Functions: { ...; }; Enums: {}; CompositeTypes: {}; }, never, never, never>', gave the following error.
    Argument of type '"module_subscriptions"' is not assignable to parameter of type 'never'.
src/lib/stripe/seat-sync.ts(17,11): error TS2769: No overload matches this call.
  Overload 1 of 2, '(relation: "agencies" | "profiles" | "modules_v2" | "agency_module_subscriptions" | "media_folders" | "sites" | "blog_categories" | "blog_posts" | "clients" | "subscriptions" | "assets" | ... 29 more ... | "ticket_messages"): PostgrestQueryBuilder<...>', gave the following error.
    Argument of type '"billing_subscriptions"' is not assignable to parameter of type '"agencies" | "profiles" | "modules_v2" | "agency_module_subscriptions" | "media_folders" | "sites" | "blog_categories" | "blog_posts" | "clients" | "subscriptions" | "assets" | ... 29 more ... | "ticket_messages"'.
  Overload 2 of 2, '(relation: never): PostgrestQueryBuilder<{ PostgrestVersion: "14.1"; }, { Tables: { activity_log: { Row: { action: string; agency_id: string; created_at: string | null; details: Json; id: string; ip_address: string | null; resource_id: string | null; resource_name: string | null; resource_type: string; user_id: string; }; Insert: { ...; }; Update: { ...; }; Relationships: [...]; }; ... 39 more ...; ticket_messages: { ...; }; }; Views: {}; Functions: { ...; }; Enums: {}; CompositeTypes: {}; }, never, never, never>', gave the following error.
    Argument of type '"billing_subscriptions"' is not assignable to parameter of type 'never'.
src/lib/stripe/seat-sync.ts(31,36): error TS2339: Property 'quantity' does not exist on type 'SelectQueryError<"column 'quantity' does not exist on 'agencies'."> | SelectQueryError<"column 'quantity' does not exist on 'profiles'."> | ... 38 more ... | SelectQueryError<...>'.
  Property 'quantity' does not exist on type 'SelectQueryError<"column 'quantity' does not exist on 'agencies'.">'.
src/lib/stripe/seat-sync.ts(33,52): error TS2339: Property 'quantity' does not exist on type 'SelectQueryError<"column 'quantity' does not exist on 'agencies'."> | SelectQueryError<"column 'quantity' does not exist on 'profiles'."> | ... 38 more ... | SelectQueryError<...>'.
  Property 'quantity' does not exist on type 'SelectQueryError<"column 'quantity' does not exist on 'agencies'.">'.
src/lib/stripe/subscriptions.ts(54,23): error TS2769: No overload matches this call.
  Overload 1 of 2, '(relation: "agencies" | "profiles" | "modules_v2" | "agency_module_subscriptions" | "media_folders" | "sites" | "blog_categories" | "blog_posts" | "clients" | "subscriptions" | "assets" | ... 29 more ... | "ticket_messages"): PostgrestQueryBuilder<...>', gave the following error.
    Argument of type '"billing_subscriptions"' is not assignable to parameter of type '"agencies" | "profiles" | "modules_v2" | "agency_module_subscriptions" | "media_folders" | "sites" | "blog_categories" | "blog_posts" | "clients" | "subscriptions" | "assets" | ... 29 more ... | "ticket_messages"'.
  Overload 2 of 2, '(relation: never): PostgrestQueryBuilder<{ PostgrestVersion: "14.1"; }, { Tables: { activity_log: { Row: { action: string; agency_id: string; created_at: string | null; details: Json; id: string; ip_address: string | null; resource_id: string | null; resource_name: string | null; resource_type: string; user_id: string; }; Insert: { ...; }; Update: { ...; }; Relationships: [...]; }; ... 39 more ...; ticket_messages: { ...; }; }; Views: {}; Functions: { ...; }; Enums: {}; CompositeTypes: {}; }, never, never, never>', gave the following error.
    Argument of type '"billing_subscriptions"' is not assignable to parameter of type 'never'.
src/lib/stripe/subscriptions.ts(79,11): error TS2769: No overload matches this call.
  Overload 1 of 2, '(relation: "agencies" | "profiles" | "modules_v2" | "agency_module_subscriptions" | "media_folders" | "sites" | "blog_categories" | "blog_posts" | "clients" | "subscriptions" | "assets" | ... 29 more ... | "ticket_messages"): PostgrestQueryBuilder<...>', gave the following error.
    Argument of type '"billing_subscriptions"' is not assignable to parameter of type '"agencies" | "profiles" | "modules_v2" | "agency_module_subscriptions" | "media_folders" | "sites" | "blog_categories" | "blog_posts" | "clients" | "subscriptions" | "assets" | ... 29 more ... | "ticket_messages"'.
  Overload 2 of 2, '(relation: never): PostgrestQueryBuilder<{ PostgrestVersion: "14.1"; }, { Tables: { activity_log: { Row: { action: string; agency_id: string; created_at: string | null; details: Json; id: string; ip_address: string | null; resource_id: string | null; resource_name: string | null; resource_type: string; user_id: string; }; Insert: { ...; }; Update: { ...; }; Relationships: [...]; }; ... 39 more ...; ticket_messages: { ...; }; }; Views: {}; Functions: { ...; }; Enums: {}; CompositeTypes: {}; }, never, never, never>', gave the following error.
    Argument of type '"billing_subscriptions"' is not assignable to parameter of type 'never'.
src/lib/stripe/subscriptions.ts(85,13): error TS2339: Property 'stripe_subscription_id' does not exist on type 'SelectQueryError<"column 'stripe_subscription_id' does not exist on 'agencies'."> | SelectQueryError<"column 'stripe_subscription_id' does not exist on 'profiles'."> | ... 38 more ... | SelectQueryError<...>'.
  Property 'stripe_subscription_id' does not exist on type 'SelectQueryError<"column 'stripe_subscription_id' does not exist on 'agencies'.">'.
src/lib/stripe/subscriptions.ts(90,72): error TS2339: Property 'stripe_subscription_id' does not exist on type 'SelectQueryError<"column 'stripe_subscription_id' does not exist on 'agencies'."> | SelectQueryError<"column 'stripe_subscription_id' does not exist on 'profiles'."> | ... 38 more ... | SelectQueryError<...>'.
  Property 'stripe_subscription_id' does not exist on type 'SelectQueryError<"column 'stripe_subscription_id' does not exist on 'agencies'.">'.
src/lib/stripe/subscriptions.ts(95,57): error TS2339: Property 'stripe_subscription_id' does not exist on type 'SelectQueryError<"column 'stripe_subscription_id' does not exist on 'agencies'."> | SelectQueryError<"column 'stripe_subscription_id' does not exist on 'profiles'."> | ... 38 more ... | SelectQueryError<...>'.
  Property 'stripe_subscription_id' does not exist on type 'SelectQueryError<"column 'stripe_subscription_id' does not exist on 'agencies'.">'.
src/lib/stripe/subscriptions.ts(107,11): error TS2769: No overload matches this call.
  Overload 1 of 2, '(relation: "agencies" | "profiles" | "modules_v2" | "agency_module_subscriptions" | "media_folders" | "sites" | "blog_categories" | "blog_posts" | "clients" | "subscriptions" | "assets" | ... 29 more ... | "ticket_messages"): PostgrestQueryBuilder<...>', gave the following error.
    Argument of type '"billing_subscriptions"' is not assignable to parameter of type '"agencies" | "profiles" | "modules_v2" | "agency_module_subscriptions" | "media_folders" | "sites" | "blog_categories" | "blog_posts" | "clients" | "subscriptions" | "assets" | ... 29 more ... | "ticket_messages"'.
  Overload 2 of 2, '(relation: never): PostgrestQueryBuilder<{ PostgrestVersion: "14.1"; }, { Tables: { activity_log: { Row: { action: string; agency_id: string; created_at: string | null; details: Json; id: string; ip_address: string | null; resource_id: string | null; resource_name: string | null; resource_type: string; user_id: string; }; Insert: { ...; }; Update: { ...; }; Relationships: [...]; }; ... 39 more ...; ticket_messages: { ...; }; }; Views: {}; Functions: { ...; }; Enums: {}; CompositeTypes: {}; }, never, never, never>', gave the following error.
    Argument of type '"billing_subscriptions"' is not assignable to parameter of type 'never'.
src/lib/stripe/subscriptions.ts(112,39): error TS2339: Property 'stripe_subscription_id' does not exist on type 'SelectQueryError<"column 'stripe_subscription_id' does not exist on 'agencies'."> | SelectQueryError<"column 'stripe_subscription_id' does not exist on 'profiles'."> | ... 38 more ... | SelectQueryError<...>'.
  Property 'stripe_subscription_id' does not exist on type 'SelectQueryError<"column 'stripe_subscription_id' does not exist on 'agencies'.">'.
src/lib/stripe/subscriptions.ts(121,11): error TS2769: No overload matches this call.
  Overload 1 of 2, '(relation: "agencies" | "profiles" | "modules_v2" | "agency_module_subscriptions" | "media_folders" | "sites" | "blog_categories" | "blog_posts" | "clients" | "subscriptions" | "assets" | ... 29 more ... | "ticket_messages"): PostgrestQueryBuilder<...>', gave the following error.
    Argument of type '"billing_subscriptions"' is not assignable to parameter of type '"agencies" | "profiles" | "modules_v2" | "agency_module_subscriptions" | "media_folders" | "sites" | "blog_categories" | "blog_posts" | "clients" | "subscriptions" | "assets" | ... 29 more ... | "ticket_messages"'.
  Overload 2 of 2, '(relation: never): PostgrestQueryBuilder<{ PostgrestVersion: "14.1"; }, { Tables: { activity_log: { Row: { action: string; agency_id: string; created_at: string | null; details: Json; id: string; ip_address: string | null; resource_id: string | null; resource_name: string | null; resource_type: string; user_id: string; }; Insert: { ...; }; Update: { ...; }; Relationships: [...]; }; ... 39 more ...; ticket_messages: { ...; }; }; Views: {}; Functions: { ...; }; Enums: {}; CompositeTypes: {}; }, never, never, never>', gave the following error.
    Argument of type '"billing_subscriptions"' is not assignable to parameter of type 'never'.
src/lib/stripe/subscriptions.ts(126,13): error TS2339: Property 'stripe_subscription_id' does not exist on type 'SelectQueryError<"column 'stripe_subscription_id' does not exist on 'agencies'."> | SelectQueryError<"column 'stripe_subscription_id' does not exist on 'profiles'."> | ... 38 more ... | SelectQueryError<...>'.
  Property 'stripe_subscription_id' does not exist on type 'SelectQueryError<"column 'stripe_subscription_id' does not exist on 'agencies'.">'.
src/lib/stripe/subscriptions.ts(131,60): error TS2339: Property 'stripe_subscription_id' does not exist on type 'SelectQueryError<"column 'stripe_subscription_id' does not exist on 'agencies'."> | SelectQueryError<"column 'stripe_subscription_id' does not exist on 'profiles'."> | ... 38 more ... | SelectQueryError<...>'.
  Property 'stripe_subscription_id' does not exist on type 'SelectQueryError<"column 'stripe_subscription_id' does not exist on 'agencies'.">'.
src/lib/stripe/subscriptions.ts(133,13): error TS2769: No overload matches this call.
  Overload 1 of 2, '(relation: "agencies" | "profiles" | "modules_v2" | "agency_module_subscriptions" | "media_folders" | "sites" | "blog_categories" | "blog_posts" | "clients" | "subscriptions" | "assets" | ... 29 more ... | "ticket_messages"): PostgrestQueryBuilder<...>', gave the following error.
    Argument of type '"billing_subscriptions"' is not assignable to parameter of type '"agencies" | "profiles" | "modules_v2" | "agency_module_subscriptions" | "media_folders" | "sites" | "blog_categories" | "blog_posts" | "clients" | "subscriptions" | "assets" | ... 29 more ... | "ticket_messages"'.
  Overload 2 of 2, '(relation: never): PostgrestQueryBuilder<{ PostgrestVersion: "14.1"; }, { Tables: { activity_log: { Row: { action: string; agency_id: string; created_at: string | null; details: Json; id: string; ip_address: string | null; resource_id: string | null; resource_name: string | null; resource_type: string; user_id: string; }; Insert: { ...; }; Update: { ...; }; Relationships: [...]; }; ... 39 more ...; ticket_messages: { ...; }; }; Views: {}; Functions: { ...; }; Enums: {}; CompositeTypes: {}; }, never, never, never>', gave the following error.
    Argument of type '"billing_subscriptions"' is not assignable to parameter of type 'never'.
src/lib/stripe/subscriptions.ts(138,41): error TS2339: Property 'stripe_subscription_id' does not exist on type 'SelectQueryError<"column 'stripe_subscription_id' does not exist on 'agencies'."> | SelectQueryError<"column 'stripe_subscription_id' does not exist on 'profiles'."> | ... 38 more ... | SelectQueryError<...>'.
  Property 'stripe_subscription_id' does not exist on type 'SelectQueryError<"column 'stripe_subscription_id' does not exist on 'agencies'.">'.
src/lib/stripe/subscriptions.ts(143,57): error TS2339: Property 'stripe_subscription_id' does not exist on type 'SelectQueryError<"column 'stripe_subscription_id' does not exist on 'agencies'."> | SelectQueryError<"column 'stripe_subscription_id' does not exist on 'profiles'."> | ... 38 more ... | SelectQueryError<...>'.
  Property 'stripe_subscription_id' does not exist on type 'SelectQueryError<"column 'stripe_subscription_id' does not exist on 'agencies'.">'.
src/lib/stripe/subscriptions.ts(148,11): error TS2769: No overload matches this call.
  Overload 1 of 2, '(relation: "agencies" | "profiles" | "modules_v2" | "agency_module_subscriptions" | "media_folders" | "sites" | "blog_categories" | "blog_posts" | "clients" | "subscriptions" | "assets" | ... 29 more ... | "ticket_messages"): PostgrestQueryBuilder<...>', gave the following error.
    Argument of type '"billing_subscriptions"' is not assignable to parameter of type '"agencies" | "profiles" | "modules_v2" | "agency_module_subscriptions" | "media_folders" | "sites" | "blog_categories" | "blog_posts" | "clients" | "subscriptions" | "assets" | ... 29 more ... | "ticket_messages"'.
  Overload 2 of 2, '(relation: never): PostgrestQueryBuilder<{ PostgrestVersion: "14.1"; }, { Tables: { activity_log: { Row: { action: string; agency_id: string; created_at: string | null; details: Json; id: string; ip_address: string | null; resource_id: string | null; resource_name: string | null; resource_type: string; user_id: string; }; Insert: { ...; }; Update: { ...; }; Relationships: [...]; }; ... 39 more ...; ticket_messages: { ...; }; }; Views: {}; Functions: { ...; }; Enums: {}; CompositeTypes: {}; }, never, never, never>', gave the following error.
    Argument of type '"billing_subscriptions"' is not assignable to parameter of type 'never'.
src/lib/stripe/subscriptions.ts(153,39): error TS2339: Property 'stripe_subscription_id' does not exist on type 'SelectQueryError<"column 'stripe_subscription_id' does not exist on 'agencies'."> | SelectQueryError<"column 'stripe_subscription_id' does not exist on 'profiles'."> | ... 38 more ... | SelectQueryError<...>'.
  Property 'stripe_subscription_id' does not exist on type 'SelectQueryError<"column 'stripe_subscription_id' does not exist on 'agencies'.">'.
src/lib/stripe/subscriptions.ts(162,11): error TS2769: No overload matches this call.
  Overload 1 of 2, '(relation: "agencies" | "profiles" | "modules_v2" | "agency_module_subscriptions" | "media_folders" | "sites" | "blog_categories" | "blog_posts" | "clients" | "subscriptions" | "assets" | ... 29 more ... | "ticket_messages"): PostgrestQueryBuilder<...>', gave the following error.
    Argument of type '"billing_subscriptions"' is not assignable to parameter of type '"agencies" | "profiles" | "modules_v2" | "agency_module_subscriptions" | "media_folders" | "sites" | "blog_categories" | "blog_posts" | "clients" | "subscriptions" | "assets" | ... 29 more ... | "ticket_messages"'.
  Overload 2 of 2, '(relation: never): PostgrestQueryBuilder<{ PostgrestVersion: "14.1"; }, { Tables: { activity_log: { Row: { action: string; agency_id: string; created_at: string | null; details: Json; id: string; ip_address: string | null; resource_id: string | null; resource_name: string | null; resource_type: string; user_id: string; }; Insert: { ...; }; Update: { ...; }; Relationships: [...]; }; ... 39 more ...; ticket_messages: { ...; }; }; Views: {}; Functions: { ...; }; Enums: {}; CompositeTypes: {}; }, never, never, never>', gave the following error.
    Argument of type '"billing_subscriptions"' is not assignable to parameter of type 'never'.
src/types/page.ts(2,15): error TS2305: Module '"./database"' has no exported member 'Page'.
src/types/page.ts(2,21): error TS2305: Module '"./database"' has no exported member 'PageInsert'.
src/types/page.ts(2,33): error TS2305: Module '"./database"' has no exported member 'PageUpdate'.
